################################################################################
#
# This file has been generated by SpyGlass:
#     Report Created by: arkuma
#     Report Created on: Wed Sep 25 13:49:13 2013
#     Working Directory: /home/arkuma/probation/traffic_controller/spyglass/bin
#     Report Location  : ../reports//spyglass_reports/dft/dft_optional_sgdc.rpt
#     SpyGlass Version : 5.0.0
#     Policy Name      : dft(5.0.0)
#     Comment          : Generated by rule dftOptional_Constraint_Check
#
################################################################################

################################################################################
# Purpose :
#     This file has been generated by DFT-Rule
#     'dft_Optional_Constraint_Check'. It has
#     list of all the missing optional constraint
#     needed by a dft rule.
#     'Optional constraints, however, only affect the rule-behaviour.
################################################################################


################################################################################
# Format :
#     For each top-level module, and for each 'enabled' rule, the 'optional'
#     constraints required are listed. Alongside the constraint name is a '[+]'
#     or a '[-]' to indicate whether that constraint was found or not.
################################################################################
################################################################################
              RULE                       OPTIONAL CONSTRAINT
################################################################################


Current_Design : tlc
----------------------------------------------------------------------
          Async_04
                                      test_mode[-]
----------------------------------------------------------------------
