################################################################################
#
# This file has been generated by SpyGlass:
#     Report Created by: arkuma
#     Report Created on: Wed Sep 25 13:49:13 2013
#     Working Directory: /home/arkuma/probation/traffic_controller/spyglass/bin
#     Report Location  : ../reports//spyglass_reports/dft/dft_mandatory_sgdc.rpt
#     SpyGlass Version : 5.0.0
#     Policy Name      : dft(5.0.0)
#     Comment          : Generated by rule dftMandatory_Constraint_Check
#
################################################################################

################################################################################
# Purpose :
#     This file has been generated by DFT-Rule
#     'dft_Mandatory_Constraint_Check'. It has
#     details of all missing mandatory constraints,
#     and the rules affected by their absence.
#     'Mandatory' constraints are essential to that rule's checking.
################################################################################


################################################################################
# Format :
#     For each top-level module, and for each 'enabled' 
#     rule, the 'mandatory' constraints required are listed.
#     Alongside the constraint name is a '[+]' or a '[-]' to
#     indicate whether that constraint was found or not.
################################################################################
################################################################################
              RULE                      MANDATORY CONSTRAINT
################################################################################


Current_Design : tlc
----------------------------------------------------------------------
