################################################################################
#
# This file has been generated by SpyGlass:
#     Report Created by: arkuma
#     Report Created on: Wed Sep 25 13:49:13 2013
#     Working Directory: /home/arkuma/probation/traffic_controller/spyglass/bin
#     Report Location  : ../reports//spyglass_reports/SpyGlass/elab_summary.rpt
#     SpyGlass Version : 5.0.0
#     Policy Name      : SpyGlass(5.0.0)
#     Comment          : This report contains RTL and Elaborated names along with parameter values
#
################################################################################

================================================================================
Elaborated Name: 'tlc'
    (RTL Design Unit name: 'tlc', /home/arkuma/probation/traffic_controller/tlc.v:1)
     Parameters (Total: 20)
         STOP_ALL           = 0 (default: 5'd0)
         SOUTH_TO_ALL       = 1 (default: 5'd1)
         SOUTH_TO_ALL_YLW   = 2 (default: 5'd2)
         STOS_ALLTOLEFT     = 3 (default: 5'd3)
         STOS_ALLTOLEFT_YLW = 4 (default: 5'd4)
         WEST_TO_ALL        = 5 (default: 5'd5)
         WEST_TO_ALL_YLW    = 6 (default: 5'd6)
         WTOW_ALLTOLEFT     = 7 (default: 5'd7)
         WTOW_ALLTOLEFT_YLW = 8 (default: 5'd8)
         NORTH_TO_ALL       = 9 (default: 5'd9)
         NORTH_TO_ALL_YLW   = 10 (default: 5'd10)
         NTON_ALLTOLEFT     = 11 (default: 5'd11)
         NTON_ALLTOLEFT_YLW = 12 (default: 5'd12)
         EAST_TO_ALL        = 13 (default: 5'd13)
         EAST_TO_ALL_YLW    = 14 (default: 5'd14)
         ETOE_ALLTOLEFT     = 15 (default: 5'd15)
         ETOE_ALLTOLEFT_YLW = 16 (default: 5'd16)
         PEDESTRIAN         = 17 (default: 5'd17)
         DELAY_Y_TO_R       = 2 (default: 2)
         DELAY_1            = 5 (default: 5)
================================================================================
