
################################################################################
#
# This file has been generated by SpyGlass:
#     Report Name      : moresimple
#     Report Created by: arkuma
#     Report Created on:  Wed Sep 25 13:49:07 2013
#     Working Directory: /home/arkuma/probation/traffic_controller/spyglass/bin
#     Report Location  : ../reports//spyglass_reports/moresimple.rpt
#     SpyGlass Version : 5.0.0
#     Policy Name      : SpyGlass(5.0.0)
#                        area(5.0.0)
#                        clock-reset(5.0.0)
#                        dft(5.0.0)
#                        erc(5.0.0)
#                        lint(5.0.0)
#                        miscellaneous(5.0.0)
#                        morelint(5.0.0)
#                        openmore(5.0.0)
#                        starc(5.0.0)
#                        timing(5.0.0)
#
#     Total Number of Generated Messages :         14
#     Number of Waived Messages          :          0
#     Number of Reported Messages        :         14
#     Number of Overlimit Messages       :          0
#
#
################################################################################

+++++++++++++++++++++++++++++++++++++++++++++++++++++++++++++++++++++++
MORESIMPLE REPORT:


############### BuiltIn -> RuleGroup=Command-line read ###############
+++++++++++++++++++++++++++++++++++++++++++++++++++++++++++++++++++++++++++++++++++++++
ID       Rule                   Alias                 Severity    File                                                                                     Line    Wt    Message
======================================================================================
[1]      CMD_overloadrule01     OverloadRuleUnused    Warning     /home/arkuma/probation/traffic_controller/spyglass/rules/neptune_asic_lint_settings.f    20      10    Overload Specification for rule 'DEEPMUX' has been ignored
[0]      checkCMD_unknown       UnrecognizedOption    Warning     N.A.                                                                                     0       10    Unrecognized Argument 'noCheckOverflow' has been ignored
[2]      checkCMD_together01    Together              Info        N.A.                                                                                     0       10    Option 'libext' can/should be specified with option(s) 'y' only
+++++++++++++++++++++++++++++++++++++++++++++++++++++++++++++++++++++++++++++++++++++++


############### BuiltIn -> RuleGroup=Design Read ###############
+++++++++++++++++++++++++++++++++++++++++++++++++++++++++++++++++++++++++++++++++++++++
ID       Rule                    Alias                   Severity    File                                                      Line    Wt    Message
======================================================================================
[5]      DetectTopDesignUnits    DetectTopDesignUnits    Info        /home/arkuma/probation/traffic_controller/tlc.v           1       2     Module tlc is a top level design unit
[4]      ElabSummary             ElabSummary             Info        ../reports//spyglass_reports/SpyGlass/elab_summary.rpt    0       2     Please refer file '../reports//spyglass_reports/SpyGlass/elab_summary.rpt' for elab summary report
[3]      ReportStopSummary       ReportStopSummary       Info        ../reports//spyglass_reports/SpyGlass/stop_summary.rpt    0       10    Design option(s) stop/stopfile/stopdir specified. Please see ../reports//spyglass_reports/SpyGlass/stop_summary.rpt to know the design units which have been stopped
+++++++++++++++++++++++++++++++++++++++++++++++++++++++++++++++++++++++++++++++++++++++


############### Non-BuiltIn ###############
+++++++++++++++++++++++++++++++++++++++++++++++++++++++++++++++++++++++++++++++++++++++
ID       Rule                            Alias                        Severity    File                                                      Line    Wt    Message
======================================================================================
[7]      DeepMux                         S3                           Error       /home/arkuma/probation/traffic_controller/tlc.v           282     2     Deeply nested 'if' looks like it might be better written as a case statement
[1C]     Ac_initstate01                  ResetState                   Info        /home/arkuma/probation/traffic_controller/tlc.v           1       10    0 percent of flops are initialized with sets/resets and 0 percent flops are initialized by data path. Refer file: '../reports//spyglass_reports/clock-reset/adv_cdc.reg' for details
[6]      CaseOverIf                      (OpenMORE 5.5.7.1)           Info        /home/arkuma/probation/traffic_controller/tlc.v           282     5     Case statement is recommended over deeply nested 'if'statement
[1A]     Clock_info01                                                 Info        /home/arkuma/probation/traffic_controller/tlc.v           25      2     Candidate clock: tlc.clk of type: Primary Clock
[A]      Info_DftDebugData               Info_DftDebugData            Info        /home/arkuma/probation/traffic_controller/tlc.v           1       1     DFT data for design block 'tlc'
[9]      Propagate_Clocks                                             Info        /home/arkuma/probation/traffic_controller/tlc.v           25      2     For tlc, clock(s) 'tlc.clk' of domain 'clk_domain' propagated
[1B]     Reset_info01                                                 Info        /home/arkuma/probation/traffic_controller/tlc.v           25      2     Candidate synchronous clear: tlc.reset of type Primary synchronous clear
[8]      dftOptional_Constraint_Check    optional_constraint_check    Info        ../reports//spyglass_reports/dft/dft_optional_sgdc.rpt    21      10    One or more optional constraints missing in module 'tlc'. Please see summary report in the reported file
+++++++++++++++++++++++++++++++++++++++++++++++++++++++++++++++++++++++++++++++++++++++
