
################################################################################
#
# This file has been generated by SpyGlass:
#     Report Name      : summary
#     Report Created by: arkuma
#     Report Created on:  Wed Sep 25 13:49:07 2013
#     Working Directory: /home/arkuma/probation/traffic_controller/spyglass/bin
#     Report Location  : ../reports//spyglass_reports/summary.rpt
#     SpyGlass Version : 5.0.0
#     Policy Name      : SpyGlass(5.0.0)
#                        area(5.0.0)
#                        clock-reset(5.0.0)
#                        dft(5.0.0)
#                        erc(5.0.0)
#                        lint(5.0.0)
#                        miscellaneous(5.0.0)
#                        morelint(5.0.0)
#                        openmore(5.0.0)
#                        starc(5.0.0)
#                        timing(5.0.0)
#
#     Total Number of Generated Messages :         14
#     Number of Waived Messages          :          0
#     Number of Reported Messages        :         14
#     Number of Overlimit Messages       :          0
#
#
################################################################################

+++++++++++++++++++++++++++++++++++++++++++++++++++++++++++++++++++++++++++++++
SUMMARY REPORT:


############### BuiltIn -> RuleGroup=Command-line read ###############
+++++++++++++++++++++++++++++++++++++++++++++++++++++++++++++++++++++++++++++++
Severity   Rule Name            Count Short Help                               
===============================================================================
WARNING    CMD_overloadrule01   1     Overload ignored as rule not registered 
                                      in run language 
WARNING    checkCMD_unknown     1     Unrecognized option specfied 
INFO       checkCMD_together01  1     Two options/Rule Parameters should be 
                                      specified together. 
+++++++++++++++++++++++++++++++++++++++++++++++++++++++++++++++++++++++++++++++



############### BuiltIn -> RuleGroup=Design Read ###############
+++++++++++++++++++++++++++++++++++++++++++++++++++++++++++++++++++++++++++++++
Severity   Rule Name            Count Short Help                               
===============================================================================
INFO       DetectTopDesignUnits 1     Identify the top-level design units in 
                                      user design. 
INFO       ElabSummary          1     Generates Elaborated design units 
                                      Summary data 
INFO       ReportStopSummary    1     Provides information about the stop 
                                      specification given by the user 
+++++++++++++++++++++++++++++++++++++++++++++++++++++++++++++++++++++++++++++++



############### Non-BuiltIn ###############
+++++++++++++++++++++++++++++++++++++++++++++++++++++++++++++++++++++++++++++++
Severity   Rule Name            Count Short Help                               
===============================================================================
ERROR      DeepMux              1     Deep mux detected - potential 
                                      performance problem 
INFO       Ac_initstate01       1     Reports initial state of the design 
INFO       CaseOverIf           1     Use case statements instead of if-else, 
                                      where feasible, if performance is 
                                      important 
INFO       Clock_info01         1     Reports likely clock signals 
INFO       Info_DftDebugData    1     Report dft debug data (schematic and 
                                      excel sheet). 
INFO       Propagate_Clocks     1     Propagates clocks and displays a 
                                      portion of the clock-tree 
INFO       Reset_info01         1     Reports likely asynchronous and 
                                      synchronous preset and clear signals 
INFO       dftOptional_Constraint_Check 1     Report whether or not the optional 
                                      constraint requirements of DFT rules 
                                      are met. 
+++++++++++++++++++++++++++++++++++++++++++++++++++++++++++++++++++++++++++++++

