
################################################################################
#
# This file has been generated by SpyGlass:
#     Report Name      : summary
#     Report Created by: arkuma
#     Report Created on:  Wed Oct  9 12:15:36 2013
#     Working Directory: /home/arkuma/probation/fifo/spyglass/bin
#     Report Location  : ../reports//spyglass_reports/summary.rpt
#     SpyGlass Version : 5.0.0
#     Policy Name      : SpyGlass(5.0.0)
#                        area(5.0.0)
#                        clock-reset(5.0.0)
#                        dft(5.0.0)
#                        erc(5.0.0)
#                        lint(5.0.0)
#                        miscellaneous(5.0.0)
#                        morelint(5.0.0)
#                        openmore(5.0.0)
#                        starc(5.0.0)
#                        timing(5.0.0)
#
#     Total Number of Generated Messages :         46
#     Number of Waived Messages          :          0
#     Number of Reported Messages        :         46
#     Number of Overlimit Messages       :          0
#
#
################################################################################

+++++++++++++++++++++++++++++++++++++++++++++++++++++++++++++++++++++++++++++++
SUMMARY REPORT:


############### BuiltIn -> RuleGroup=Command-line read ###############
+++++++++++++++++++++++++++++++++++++++++++++++++++++++++++++++++++++++++++++++
Severity   Rule Name            Count Short Help                               
===============================================================================
WARNING    CMD_overloadrule01   1     Overload ignored as rule not registered 
                                      in run language 
WARNING    checkCMD_unknown     1     Unrecognized option specfied 
INFO       checkCMD_together01  1     Two options/Rule Parameters should be 
                                      specified together. 
+++++++++++++++++++++++++++++++++++++++++++++++++++++++++++++++++++++++++++++++



############### BuiltIn -> RuleGroup=Design Read ###############
+++++++++++++++++++++++++++++++++++++++++++++++++++++++++++++++++++++++++++++++
Severity   Rule Name            Count Short Help                               
===============================================================================
INFO       DetectTopDesignUnits 1     Identify the top-level design units in 
                                      user design. 
INFO       ElabSummary          1     Generates Elaborated design units 
                                      Summary data 
INFO       ReportStopSummary    1     Provides information about the stop 
                                      specification given by the user 
+++++++++++++++++++++++++++++++++++++++++++++++++++++++++++++++++++++++++++++++



############### Non-BuiltIn ###############
+++++++++++++++++++++++++++++++++++++++++++++++++++++++++++++++++++++++++++++++
Severity   Rule Name            Count Short Help                               
===============================================================================
ERROR      Ac_conv02            1     Checks same-domain signals synchronized 
                                      in the same destination domain and are 
                                      converging before sequential elements 
ERROR      Reset_sync01         1     Reports asynchronous reset signals 
                                      which are not de-asserted synchronously 
WARNING    STARC-1.3.1.3        1     Asynchronous reset/preset signals must 
                                      not be used as non-reset/preset or 
                                      synchronous reset/preset signals 
WARNING    STARC-3.2.4.3        1     Do not use defparam statements. 
WARNING    W154                 2     Do not declare nets implicitly 
INFO       Ac_initstate01       1     Reports initial state of the design 
INFO       Ac_report01          1     Reports statistics of properties and 
                                      functional constraints 
INFO       Clock_info01         2     Reports likely clock signals 
INFO       Clock_sync02         2     Reports synchronized clock domain 
                                      crossings 
INFO       Info_DftDebugData    1     Report dft debug data (schematic and 
                                      excel sheet). 
INFO       NoWidthInBasedNum-ML 21    Width should be specified for all based 
                                      numbers 
INFO       Propagate_Clocks     2     Propagates clocks and displays a 
                                      portion of the clock-tree 
INFO       Propagate_Resets     1     Propagates resets and displays a 
                                      portion of the reset tree 
INFO       Reset_info01         1     Reports likely asynchronous and 
                                      synchronous preset and clear signals 
INFO       W528                 1     A signal or variable is set but never 
                                      read 
INFO       dftOptional_Constraint_Check 1     Report whether or not the optional 
                                      constraint requirements of DFT rules 
                                      are met. 
+++++++++++++++++++++++++++++++++++++++++++++++++++++++++++++++++++++++++++++++

