################################################################################
#
# This file has been generated by SpyGlass:
#     Report Created by: arkuma
#     Report Created on: Wed Oct  9 12:15:42 2013
#     Working Directory: /home/arkuma/probation/fifo/spyglass/bin
#     Report Location  : ../reports//spyglass_reports/SpyGlass/elab_summary.rpt
#     SpyGlass Version : 5.0.0
#     Policy Name      : SpyGlass(5.0.0)
#     Comment          : This report contains RTL and Elaborated names along with parameter values
#
################################################################################

================================================================================
Elaborated Name: 'pulse_stretcher'
    (RTL Design Unit name: 'pulse_stretcher', /home/arkuma/probation/fifo/pulse_stretcher.v:2)
     Parameters (Total: 0)
     Instances (Total: 2): fifo_wrapper.ps_wr_wrap, fifo_wrapper.ps_rd_wrap 

================================================================================

Elaborated Name: 'synchroniser'
    (RTL Design Unit name: 'synchroniser', /home/arkuma/probation/fifo/synchroniser.v:2)
     Parameters (Total: 1)
         S_WIDTH = 1 (default: 1)
     Instances (Total: 2): fifo_wrapper.ps_wr_wrap.ssft1, fifo_wrapper.ps_rd_wrap.ssft1 

================================================================================

Elaborated Name: 'fifo_wrapper'
    (RTL Design Unit name: 'fifo_wrapper', /home/arkuma/probation/fifo/fifo_wrapper.v:2)
     Parameters (Total: 0)
================================================================================
