
################################################################################
#
# This file has been generated by SpyGlass:
#     Report Name      : moresimple
#     Report Created by: arkuma
#     Report Created on:  Wed Oct  9 12:15:36 2013
#     Working Directory: /home/arkuma/probation/fifo/spyglass/bin
#     Report Location  : ../reports//spyglass_reports/moresimple.rpt
#     SpyGlass Version : 5.0.0
#     Policy Name      : SpyGlass(5.0.0)
#                        area(5.0.0)
#                        clock-reset(5.0.0)
#                        dft(5.0.0)
#                        erc(5.0.0)
#                        lint(5.0.0)
#                        miscellaneous(5.0.0)
#                        morelint(5.0.0)
#                        openmore(5.0.0)
#                        starc(5.0.0)
#                        timing(5.0.0)
#
#     Total Number of Generated Messages :         46
#     Number of Waived Messages          :          0
#     Number of Reported Messages        :         46
#     Number of Overlimit Messages       :          0
#
#
################################################################################

+++++++++++++++++++++++++++++++++++++++++++++++++++++++++++++++++++++++
MORESIMPLE REPORT:


############### BuiltIn -> RuleGroup=Command-line read ###############
+++++++++++++++++++++++++++++++++++++++++++++++++++++++++++++++++++++++++++++++++++++++
ID       Rule                   Alias                 Severity    File                                                                       Line    Wt    Message
======================================================================================
[1]      CMD_overloadrule01     OverloadRuleUnused    Warning     /home/arkuma/probation/fifo/spyglass/rules/neptune_asic_lint_settings.f    20      10    Overload Specification for rule 'DEEPMUX' has been ignored
[0]      checkCMD_unknown       UnrecognizedOption    Warning     N.A.                                                                       0       10    Unrecognized Argument 'noCheckOverflow' has been ignored
[2]      checkCMD_together01    Together              Info        N.A.                                                                       0       10    Option 'libext' can/should be specified with option(s) 'y' only
+++++++++++++++++++++++++++++++++++++++++++++++++++++++++++++++++++++++++++++++++++++++


############### BuiltIn -> RuleGroup=Design Read ###############
+++++++++++++++++++++++++++++++++++++++++++++++++++++++++++++++++++++++++++++++++++++++
ID       Rule                    Alias                   Severity    File                                                      Line    Wt    Message
======================================================================================
[5]      DetectTopDesignUnits    DetectTopDesignUnits    Info        /home/arkuma/probation/fifo/fifo_wrapper.v                2       2     Module fifo_wrapper is a top level design unit
[4]      ElabSummary             ElabSummary             Info        ../reports//spyglass_reports/SpyGlass/elab_summary.rpt    0       2     Please refer file '../reports//spyglass_reports/SpyGlass/elab_summary.rpt' for elab summary report
[3]      ReportStopSummary       ReportStopSummary       Info        ../reports//spyglass_reports/SpyGlass/stop_summary.rpt    0       10    Design option(s) stop/stopfile/stopdir specified. Please see ../reports//spyglass_reports/SpyGlass/stop_summary.rpt to know the design units which have been stopped
+++++++++++++++++++++++++++++++++++++++++++++++++++++++++++++++++++++++++++++++++++++++


############### Non-BuiltIn ###############
+++++++++++++++++++++++++++++++++++++++++++++++++++++++++++++++++++++++++++++++++++++++
ID       Rule                            Alias                        Severity    File                                                      Line    Wt    Message
======================================================================================
[BA]     Ac_conv02                       Convergence                  Error       /home/arkuma/probation/fifo/fifo_wrapper.v                84      2     Signals fifo_wrapper.ps_wr_wrap.ssft1.ff1[0],fifo_wrapper.ps_rd_wrap.ssft1.ff1[0] converge on 'fifo_wrapper.config_reg[0]'. Gray encoding check: 'FAILED'
[B8]     Reset_sync01                    RstSynchDeassert             Error       /home/arkuma/probation/fifo/synchroniser.v                31      10    Reset signal 'fifo_wrapper.reset' for flop 'fifo_wrapper.ps_rd_wrap.ssft1.ff1[0]' is not synchronously de-asserted relative to clock signal 'fifo_wrapper.sys_clk'
[BC]     STARC-1.3.1.3                   AsyncResetOtherUse           Warning     /home/arkuma/probation/fifo/synchroniser.v                25      10    Asynchronous reset signal 'fifo_wrapper.reset' (flop: 'fifo_wrapper.ps_rd_wrap.ssft1.ff1[0]') used as non-reset/synchronous-reset at instance 'fifo_wrapper.done_reg.EN' (File Name: '/home/arkuma/probation/fifo/fifo_wrapper.v' ,Line no.: '48')
[6]      STARC-3.2.4.3                   NoDefparam                   Warning     /home/arkuma/probation/fifo/pulse_stretcher.v             29      5     Defparam statement used
[1C]     W154                                                         Warning     /home/arkuma/probation/fifo/fifo_wrapper.v                18      2     Declare net 'read_sync' explicitly
[1D]     W154                                                         Warning     /home/arkuma/probation/fifo/fifo_wrapper.v                26      2     Declare net 'write_sync' explicitly
[B9]     Ac_initstate01                  ResetState                   Info        /home/arkuma/probation/fifo/fifo_wrapper.v                2       10    99 percent of flops are initialized with sets/resets and 0 percent flops are initialized by data path. Refer file: '../reports//spyglass_reports/clock-reset/adv_cdc.reg' for details
[BB]     Ac_report01                     PropStatistics               Info        /home/arkuma/probation/fifo/fifo_wrapper.v                2       10    Implicit: '1' implicit properties analyzed, '1' failed, '0' passed, '0' partially proved, '0' not analyzed, '0' others for top design unit 'fifo_wrapper'. Refer file: '../reports//spyglass_reports/clock-reset/adv_cdc.rpt' for details
[B2]     Clock_info01                                                 Info        /home/arkuma/probation/fifo/fifo_wrapper.v                7       2     Candidate clock: fifo_wrapper.sys_clk of type: Primary Clock
[B3]     Clock_info01                                                 Info        /home/arkuma/probation/fifo/fifo_wrapper.v                7       2     Candidate clock: fifo_wrapper.mstr_clk of type: Primary Clock
[B4]     Clock_sync02                                                 Info        /home/arkuma/probation/fifo/synchroniser.v                31      2     Synchronization detected: destination flop fifo_wrapper.ps_rd_wrap.ssft1.ff1[0], clocked by fifo_wrapper.sys_clk, source flop fifo_wrapper.ps_rd_wrap.rtffout, clocked by fifo_wrapper.mstr_clk,by method: conventional multi-flop for metastability technique
[B5]     Clock_sync02                                                 Info        /home/arkuma/probation/fifo/synchroniser.v                31      2     Synchronization detected: destination flop fifo_wrapper.ps_wr_wrap.ssft1.ff1[0], clocked by fifo_wrapper.sys_clk, source flop fifo_wrapper.ps_wr_wrap.rtffout, clocked by fifo_wrapper.mstr_clk,by method: conventional multi-flop for metastability technique
[22]     Info_DftDebugData               Info_DftDebugData            Info        /home/arkuma/probation/fifo/fifo_wrapper.v                2       1     DFT data for design block 'fifo_wrapper'
[7]      NoWidthInBasedNum-ML                                         Info        /home/arkuma/probation/fifo/fifo_wrapper.v                57      2     Width specification missing for based number ''d3'
[8]      NoWidthInBasedNum-ML                                         Info        /home/arkuma/probation/fifo/fifo_wrapper.v                59      2     Width specification missing for based number ''d0'
[9]      NoWidthInBasedNum-ML                                         Info        /home/arkuma/probation/fifo/fifo_wrapper.v                61      2     Width specification missing for based number ''d0'
[A]      NoWidthInBasedNum-ML                                         Info        /home/arkuma/probation/fifo/fifo_wrapper.v                67      2     Width specification missing for based number ''d0'
[B]      NoWidthInBasedNum-ML                                         Info        /home/arkuma/probation/fifo/fifo_wrapper.v                74      2     Width specification missing for based number ''d0'
[C]      NoWidthInBasedNum-ML                                         Info        /home/arkuma/probation/fifo/fifo_wrapper.v                80      2     Width specification missing for based number ''d0'
[D]      NoWidthInBasedNum-ML                                         Info        /home/arkuma/probation/fifo/fifo_wrapper.v                86      2     Width specification missing for based number ''d0'
[E]      NoWidthInBasedNum-ML                                         Info        /home/arkuma/probation/fifo/fifo_wrapper.v                98      2     Width specification missing for based number ''d3'
[F]      NoWidthInBasedNum-ML                                         Info        /home/arkuma/probation/fifo/fifo_wrapper.v                100     2     Width specification missing for based number ''d1'
[10]     NoWidthInBasedNum-ML                                         Info        /home/arkuma/probation/fifo/fifo_wrapper.v                102     2     Width specification missing for based number ''d1'
[11]     NoWidthInBasedNum-ML                                         Info        /home/arkuma/probation/fifo/fifo_wrapper.v                103     2     Width specification missing for based number ''d0'
[12]     NoWidthInBasedNum-ML                                         Info        /home/arkuma/probation/fifo/fifo_wrapper.v                108     2     Width specification missing for based number ''d0'
[13]     NoWidthInBasedNum-ML                                         Info        /home/arkuma/probation/fifo/fifo_wrapper.v                123     2     Width specification missing for based number ''b1'
[14]     NoWidthInBasedNum-ML                                         Info        /home/arkuma/probation/fifo/fifo_wrapper.v                124     2     Width specification missing for based number ''b0'
[15]     NoWidthInBasedNum-ML                                         Info        /home/arkuma/probation/fifo/fifo_wrapper.v                128     2     Width specification missing for based number ''b0'
[16]     NoWidthInBasedNum-ML                                         Info        /home/arkuma/probation/fifo/fifo_wrapper.v                129     2     Width specification missing for based number ''b0'
[17]     NoWidthInBasedNum-ML                                         Info        /home/arkuma/probation/fifo/fifo_wrapper.v                133     2     Width specification missing for based number ''b1'
[18]     NoWidthInBasedNum-ML                                         Info        /home/arkuma/probation/fifo/fifo_wrapper.v                134     2     Width specification missing for based number ''b0'
[19]     NoWidthInBasedNum-ML                                         Info        /home/arkuma/probation/fifo/fifo_wrapper.v                138     2     Width specification missing for based number ''b0'
[1A]     NoWidthInBasedNum-ML                                         Info        /home/arkuma/probation/fifo/fifo_wrapper.v                139     2     Width specification missing for based number ''b0'
[1B]     NoWidthInBasedNum-ML                                         Info        /home/arkuma/probation/fifo/fifo_wrapper.v                145     2     Width specification missing for based number ''b1'
[20]     Propagate_Clocks                                             Info        /home/arkuma/probation/fifo/fifo_wrapper.v                7       2     For fifo_wrapper, clock(s) 'fifo_wrapper.mstr_clk' of domain 'clk_cpu_domain' propagated
[21]     Propagate_Clocks                                             Info        /home/arkuma/probation/fifo/fifo_wrapper.v                7       2     For fifo_wrapper, clock(s) 'fifo_wrapper.sys_clk' of domain 'clk_sys_domain' propagated
[B7]     Propagate_Resets                                             Info        /home/arkuma/probation/fifo/fifo_wrapper.v                7       2     For fifo_wrapper, reset 'fifo_wrapper.reset' propagated
[B6]     Reset_info01                                                 Info        /home/arkuma/probation/fifo/fifo_wrapper.v                7       2     Candidate clear: fifo_wrapper.reset of type Primary clear
[1E]     W528                                                         Info        /home/arkuma/probation/fifo/fifo_wrapper.v                53      10    Variable 'flag' set but not read.[Hierarchy: ':fifo_wrapper']
[1F]     dftOptional_Constraint_Check    optional_constraint_check    Info        ../reports//spyglass_reports/dft/dft_optional_sgdc.rpt    21      10    One or more optional constraints missing in module 'fifo_wrapper'. Please see summary report in the reported file
+++++++++++++++++++++++++++++++++++++++++++++++++++++++++++++++++++++++++++++++++++++++
