
################################################################################
#
# This file has been generated by SpyGlass:
#     Report Name      : no_msg_reporting_rules
#     Report Created by: arkuma
#     Report Created on:  Wed Oct  9 12:15:36 2013
#     Working Directory: /home/arkuma/probation/fifo/spyglass/bin
#     Report Location  : ../reports//spyglass_reports/no_msg_reporting_rules.rpt
#     SpyGlass Version : 5.0.0
#     Policy Name      : SpyGlass(5.0.0)
#                        area(5.0.0)
#                        clock-reset(5.0.0)
#                        dft(5.0.0)
#                        erc(5.0.0)
#                        lint(5.0.0)
#                        miscellaneous(5.0.0)
#                        morelint(5.0.0)
#                        openmore(5.0.0)
#                        starc(5.0.0)
#                        timing(5.0.0)
#
#     Total Number of Generated Messages :         46
#     Number of Waived Messages          :          0
#     Number of Reported Messages        :         46
#     Number of Overlimit Messages       :          0
#
#
################################################################################

NO VIOLATION RULE REPORT :
++++++++++++++++++++++++++++++++++++++++++++++++++++++++++++++++++++++++++++++++

Following rules did not produce any violation or waived off during spyglass run

++++++++++++++++++++++++++++++++++++++++++++++++++++++++++++++++++++++++++++++++


================================================================================
	INDEX                                   RULE-NAME
================================================================================
	1                                  Ac_conv01
	2                                  Async_04
	3                                  CaseOverIf
	4                                  ChkSensExprPar-ML
	5                                  ClockEnableRace
	6                                  ClockPhase
	7                                  Clock_sync01
	8                                  Clock_sync05
	9                                  Clock_sync06
	10                                 Clock_sync09
	11                                 CombLoop
	12                                 ConsCase
	13                                 ConstSig
	14                                 DeadCode
	15                                 DeepMux
	16                                 DefaultState
	17                                 DisallowCaseX-ML
	18                                 DisallowCaseZ-ML
	19                                 DisallowTimeArr-ML
	20                                 DisallowXInCaseZ-ML
	21                                 FlopClockConstant
	22                                 FlopClockUndriven
	23                                 FlopDataUndriven
	24                                 FlopEConst
	25                                 FlopSRConst
	26                                 GateClockAtTop
	27                                 GatedClock
	28                                 LatchDataConstant
	29                                 LogNMux
	30                                 MaxFanout
	31                                 MemConflict-ML
	32                                 NamedAssoc
	33                                 NoAssignX-ML
	34                                 NoGates
	35                                 NoScripts
	36                                 NoSigCaseX-ML
	37                                 NoStrengthInput-ML
	38                                 NonStaticMacro-ML
	39                                 NullPort-ML
	40                                 ParamOverrideMismatch-ML
	41                                 ParamWidthMismatch-ML
	42                                 ReEntrantOutput-ML
	43                                 RedundantLogicalOp-ML
	44                                 ResetFlop-ML
	45                                 Reset_sync02
	46                                 ResourceShare
	47                                 STARC-1.4.3.4
	48                                 STARC-2.1.3.1
	49                                 STARC-2.1.3.2
	50                                 STARC-2.1.5.3
	51                                 STARC-2.10.4.5
	52                                 STARC-2.3.1.2c
	53                                 STARC-2.3.1.6
	54                                 STARC-2.3.2.2
	55                                 STARC-2.3.3.1
	56                                 STARC-2.5.1.2
	57                                 STARC-2.5.1.5a
	58                                 STARC-2.7.4.3
	59                                 STARC-2.8.1.5
	60                                 STARC-2.8.5.2
	61                                 STARC-2.9.1.2c
	62                                 STARC-3.2.2.4
	63                                 SYNTH_5130
	64                                 SensListRepeat-ML
	65                                 ShiftReg
	66                                 TristateSig-ML
	67                                 W107
	68                                 W110
	69                                 W116
	70                                 W120
	71                                 W121
	72                                 W122
	73                                 W123
	74                                 W126
	75                                 W127
	76                                 W128
	77                                 W129
	78                                 W143
	79                                 W156
	80                                 W159
	81                                 W163
	82                                 W164a
	83                                 W164b
	84                                 W167
	85                                 W17
	86                                 W171
	87                                 W175
	88                                 W18
	89                                 W182k
	90                                 W187
	91                                 W188
	92                                 W189
	93                                 W190
	94                                 W191
	95                                 W192
	96                                 W193
	97                                 W208
	98                                 W210
	99                                 W213
	100                                W215
	101                                W216
	102                                W224
	103                                W226
	104                                W239
	105                                W240
	106                                W241
	107                                W243
	108                                W245
	109                                W250
	110                                W253
	111                                W254
	112                                W256
	113                                W257
	114                                W263
	115                                W287a
	116                                W287b
	117                                W287c
	118                                W289
	119                                W308
	120                                W310
	121                                W311
	122                                W312
	123                                W313
	124                                W314
	125                                W317
	126                                W323
	127                                W333
	128                                W336
	129                                W337
	130                                W339a
	131                                W34
	132                                W351
	133                                W352
	134                                W362
	135                                W391
	136                                W392
	137                                W398
	138                                W402a
	139                                W402b
	140                                W414
	141                                W415
	142                                W415a
	143                                W421
	144                                W423
	145                                W424
	146                                W425
	147                                W426
	148                                W427
	149                                W428
	150                                W429
	151                                W430
	152                                W433
	153                                W456a
	154                                W467
	155                                W468
	156                                W474
	157                                W475
	158                                W476
	159                                W477
	160                                W479
	161                                W480
	162                                W486
	163                                W489
	164                                W490
	165                                W491
	166                                W494
	167                                W495
	168                                W496a
	169                                W496b
	170                                W497
	171                                W499
	172                                W502
	173                                W503
	174                                W504
	175                                W527
	176                                W541
	177                                W546
	178                                W551
	179                                W552
	180                                W553
	181                                W561
	182                                W563
	183                                W575
	184                                W576
	185                                W66
	186                                W69
	187                                W701
	188                                ZeroSizeFile
	189                                checkDupCell
	190                                checkPinConnectedToSupply
================================================================================
