
SpyGlass(R) Predictive Analyzer - Version 5.0.0
Last compiled on Nov 29 2012

All Rights Reserved. Use, disclosure or duplication
without prior written permission of Atrenta Inc. is prohibited.
Technical support: email support@atrenta.com.

INFO [SPG#1044]: Running in batch mode...
INFO: Passing argument '-quiet=0' to perl (after the script)
INFO: Passing argument '-report=moresimple summary waiver' to perl (after the script)
INFO: Passing argument '-I/tools/spyg-5.0/SPYGLASS_HOME/auxi' to perl
INFO: Passing argument '-I/tools/spyg-5.0/SPYGLASS_HOME/lib' to perl
INFO: Passing argument '-I/tools/spyg-5.0/SPYGLASS_HOME/policies' to perl
INFO: Passing argument '-I/tools/spyg-5.0/SPYGLASS_HOME/auxi/tkgui-new' to perl
INFO: Passing argument '-I/tools/spyg-5.0/SPYGLASS_HOME/../SPYGLASS_PHYSICAL_HOME/common/sgphysical/policies/physical' to perl
INFO: Passing argument '-I/tools/spyg-5.0/SPYGLASS_HOME/auxi/policy_data/spyglass/design_read' to perl
INFO: Passing argument '-I/tools/spyg-5.0/SPYGLASS_HOME/policies/Audits' to perl
INFO: Passing argument '-I/tools/spyg-5.0/SPYGLASS_HOME/policies/area' to perl
INFO: Passing argument '-I/tools/spyg-5.0/SPYGLASS_HOME/policies/area/c_primitives' to perl
INFO: Passing argument '-I/tools/spyg-5.0/SPYGLASS_HOME/policies/area/c_primitives/libarea' to perl
INFO: Passing argument '-I/tools/spyg-5.0/SPYGLASS_HOME/policies/auto-verify' to perl
INFO: Passing argument '-I/tools/spyg-5.0/SPYGLASS_HOME/policies/clock' to perl
INFO: Passing argument '-I/tools/spyg-5.0/SPYGLASS_HOME/policies/clock/meta_models' to perl
INFO: Passing argument '-I/tools/spyg-5.0/SPYGLASS_HOME/policies/clock/meta_models/MODELSIM' to perl
INFO: Passing argument '-I/tools/spyg-5.0/SPYGLASS_HOME/policies/clock/meta_models/NCSIM' to perl
INFO: Passing argument '-I/tools/spyg-5.0/SPYGLASS_HOME/policies/clock/meta_models/VCS' to perl
INFO: Passing argument '-I/tools/spyg-5.0/SPYGLASS_HOME/policies/clock/sgtcl' to perl
INFO: Passing argument '-I/tools/spyg-5.0/SPYGLASS_HOME/policies/clock/sgtcl/man' to perl
INFO: Passing argument '-I/tools/spyg-5.0/SPYGLASS_HOME/policies/clock/sgtcl/man/man1' to perl
INFO: Passing argument '-I/tools/spyg-5.0/SPYGLASS_HOME/policies/clock/sgtcl/man/man2' to perl
INFO: Passing argument '-I/tools/spyg-5.0/SPYGLASS_HOME/policies/constraints' to perl
INFO: Passing argument '-I/tools/spyg-5.0/SPYGLASS_HOME/policies/constraints/gen_sdc' to perl
INFO: Passing argument '-I/tools/spyg-5.0/SPYGLASS_HOME/policies/constraints/sgtcl' to perl
INFO: Passing argument '-I/tools/spyg-5.0/SPYGLASS_HOME/policies/constraints/sgtcl/man' to perl
INFO: Passing argument '-I/tools/spyg-5.0/SPYGLASS_HOME/policies/constraints/sgtcl/man/man1' to perl
INFO: Passing argument '-I/tools/spyg-5.0/SPYGLASS_HOME/policies/constraints/sgtcl/man/man2' to perl
INFO: Passing argument '-I/tools/spyg-5.0/SPYGLASS_HOME/policies/dft' to perl
INFO: Passing argument '-I/tools/spyg-5.0/SPYGLASS_HOME/policies/dft/dft-template' to perl
INFO: Passing argument '-I/tools/spyg-5.0/SPYGLASS_HOME/policies/dft/sgtcl' to perl
INFO: Passing argument '-I/tools/spyg-5.0/SPYGLASS_HOME/policies/dft/sgtcl/man' to perl
INFO: Passing argument '-I/tools/spyg-5.0/SPYGLASS_HOME/policies/dft/sgtcl/man/man1' to perl
INFO: Passing argument '-I/tools/spyg-5.0/SPYGLASS_HOME/policies/dft/sgtcl/man/man2' to perl
INFO: Passing argument '-I/tools/spyg-5.0/SPYGLASS_HOME/policies/dft_dsm' to perl
INFO: Passing argument '-I/tools/spyg-5.0/SPYGLASS_HOME/policies/dft_dsm/sgtcl' to perl
INFO: Passing argument '-I/tools/spyg-5.0/SPYGLASS_HOME/policies/erc' to perl
INFO: Passing argument '-I/tools/spyg-5.0/SPYGLASS_HOME/policies/erc/c_primitives' to perl
INFO: Passing argument '-I/tools/spyg-5.0/SPYGLASS_HOME/policies/erc/c_primitives/liberc' to perl
INFO: Passing argument '-I/tools/spyg-5.0/SPYGLASS_HOME/policies/erc/sgtcl' to perl
INFO: Passing argument '-I/tools/spyg-5.0/SPYGLASS_HOME/policies/erc/sgtcl/man' to perl
INFO: Passing argument '-I/tools/spyg-5.0/SPYGLASS_HOME/policies/erc/sgtcl/man/man2' to perl
INFO: Passing argument '-I/tools/spyg-5.0/SPYGLASS_HOME/policies/latch' to perl
INFO: Passing argument '-I/tools/spyg-5.0/SPYGLASS_HOME/policies/latch/c_primitives' to perl
INFO: Passing argument '-I/tools/spyg-5.0/SPYGLASS_HOME/policies/latch/c_primitives/liblatch' to perl
INFO: Passing argument '-I/tools/spyg-5.0/SPYGLASS_HOME/policies/lint' to perl
INFO: Passing argument '-I/tools/spyg-5.0/SPYGLASS_HOME/policies/lint/sgtcl' to perl
INFO: Passing argument '-I/tools/spyg-5.0/SPYGLASS_HOME/policies/lint/sgtcl/man' to perl
INFO: Passing argument '-I/tools/spyg-5.0/SPYGLASS_HOME/policies/lint/sgtcl/man/man2' to perl
INFO: Passing argument '-I/tools/spyg-5.0/SPYGLASS_HOME/policies/lowpower' to perl
INFO: Passing argument '-I/tools/spyg-5.0/SPYGLASS_HOME/policies/lowpower/sgtcl' to perl
INFO: Passing argument '-I/tools/spyg-5.0/SPYGLASS_HOME/policies/lowpower/sgtcl/man' to perl
INFO: Passing argument '-I/tools/spyg-5.0/SPYGLASS_HOME/policies/lowpower/sgtcl/man/man1' to perl
INFO: Passing argument '-I/tools/spyg-5.0/SPYGLASS_HOME/policies/mbist-dft' to perl
INFO: Passing argument '-I/tools/spyg-5.0/SPYGLASS_HOME/policies/mbist-dft/sgtcl' to perl
INFO: Passing argument '-I/tools/spyg-5.0/SPYGLASS_HOME/policies/miscellaneous' to perl
INFO: Passing argument '-I/tools/spyg-5.0/SPYGLASS_HOME/policies/miscellaneous/c_primitives' to perl
INFO: Passing argument '-I/tools/spyg-5.0/SPYGLASS_HOME/policies/miscellaneous/c_primitives/libmiscellaneous' to perl
INFO: Passing argument '-I/tools/spyg-5.0/SPYGLASS_HOME/policies/morelint' to perl
INFO: Passing argument '-I/tools/spyg-5.0/SPYGLASS_HOME/policies/morelint/c_primitives' to perl
INFO: Passing argument '-I/tools/spyg-5.0/SPYGLASS_HOME/policies/morelint/c_primitives/libVeMoreLint' to perl
INFO: Passing argument '-I/tools/spyg-5.0/SPYGLASS_HOME/policies/morelint/c_primitives/libVhMoreLint' to perl
INFO: Passing argument '-I/tools/spyg-5.0/SPYGLASS_HOME/policies/morelint/sgtcl' to perl
INFO: Passing argument '-I/tools/spyg-5.0/SPYGLASS_HOME/policies/morelint/sgtcl/man' to perl
INFO: Passing argument '-I/tools/spyg-5.0/SPYGLASS_HOME/policies/morelint/sgtcl/man/man2' to perl
INFO: Passing argument '-I/tools/spyg-5.0/SPYGLASS_HOME/policies/openmore' to perl
INFO: Passing argument '-I/tools/spyg-5.0/SPYGLASS_HOME/policies/power_est' to perl
INFO: Passing argument '-I/tools/spyg-5.0/SPYGLASS_HOME/policies/power_est/sgtcl' to perl
INFO: Passing argument '-I/tools/spyg-5.0/SPYGLASS_HOME/policies/power_est/sgtcl/man' to perl
INFO: Passing argument '-I/tools/spyg-5.0/SPYGLASS_HOME/policies/power_est/sgtcl/man/man1' to perl
INFO: Passing argument '-I/tools/spyg-5.0/SPYGLASS_HOME/policies/power_est/sgtcl/man/man2' to perl
INFO: Passing argument '-I/tools/spyg-5.0/SPYGLASS_HOME/policies/sec' to perl
INFO: Passing argument '-I/tools/spyg-5.0/SPYGLASS_HOME/policies/simulation' to perl
INFO: Passing argument '-I/tools/spyg-5.0/SPYGLASS_HOME/policies/spyglass' to perl
INFO: Passing argument '-I/tools/spyg-5.0/SPYGLASS_HOME/policies/starc' to perl
INFO: Passing argument '-I/tools/spyg-5.0/SPYGLASS_HOME/policies/starc/c_primitives' to perl
INFO: Passing argument '-I/tools/spyg-5.0/SPYGLASS_HOME/policies/starc/c_primitives/libVeStarc' to perl
INFO: Passing argument '-I/tools/spyg-5.0/SPYGLASS_HOME/policies/starc/c_primitives/libVhStarc' to perl
INFO: Passing argument '-I/tools/spyg-5.0/SPYGLASS_HOME/policies/starc2002' to perl
INFO: Passing argument '-I/tools/spyg-5.0/SPYGLASS_HOME/policies/starc2002/c_primitives' to perl
INFO: Passing argument '-I/tools/spyg-5.0/SPYGLASS_HOME/policies/starc2002/c_primitives/libVeStarc2002' to perl
INFO: Passing argument '-I/tools/spyg-5.0/SPYGLASS_HOME/policies/starc2002/c_primitives/libVhStarc2002' to perl
INFO: Passing argument '-I/tools/spyg-5.0/SPYGLASS_HOME/policies/starc2002/c_primitives/libVmixedStarc2002' to perl
INFO: Passing argument '-I/tools/spyg-5.0/SPYGLASS_HOME/policies/starc2005' to perl
INFO: Passing argument '-I/tools/spyg-5.0/SPYGLASS_HOME/policies/starcad-21' to perl
INFO: Passing argument '-I/tools/spyg-5.0/SPYGLASS_HOME/policies/timing' to perl
INFO: Passing argument '-I/tools/spyg-5.0/SPYGLASS_HOME/policies/timing/c_primitives' to perl
INFO: Passing argument '-I/tools/spyg-5.0/SPYGLASS_HOME/policies/timing/c_primitives/libtiming' to perl
INFO: Passing argument '-I/tools/spyg-5.0/SPYGLASS_HOME/policies/txv' to perl
INFO: Passing argument '-I/tools/spyg-5.0/SPYGLASS_HOME/auxi/tkgui-new/Linux4' to perl
INFO: Passing argument '-I/tools/spyg-5.0/SPYGLASS_HOME/auxi/rme' to perl
INFO: Passing argument '-I/tools/spyg-5.0/SPYGLASS_HOME/auxi/rme/Parser' to perl
INFO: Passing argument '-I/tools/spyg-5.0/SPYGLASS_HOME/auxi/rme/Parser/Linux4' to perl
INFO: Passing argument '-I/tools/spyg-5.0/SPYGLASS_HOME/lib/multi-perl/lib/5.8.3' to perl
INFO: Passing argument '-I/tools/spyg-5.0/SPYGLASS_HOME/lib/multi-perl/lib/site_perl/5.8.3' to perl
INFO: Passing argument '-I/tools/spyg-5.0/SPYGLASS_HOME/auxi/tkgui-new/Linux4' to perl
INFO: Passing argument '-mSpyGlass::Compatibility::v2_7_3' to perl
INFO: Passing argument '-sgdcFileName=../constraints/tlc.sgdc' to perl
INFO: Passing argument '-no_rtl_sgdc_check' to perl (after the script)
INFO: Passing argument '-minus_strict_sgdc_check' to perl (after the script)
INFO: Passing argument '-noCheckOverflow=yes' to perl (after the script)
INFO: Passing argument '-logmux_max=7' to perl (after the script)
INFO: Passing argument '-fanoutmax=50000' to perl (after the script)
INFO: Passing argument '-use_lrm_width=no' to perl (after the script)
INFO: Passing argument '-nocheckoverflow=yes' to perl (after the script)
INFO: Passing argument '-report_allclk=yes' to perl (after the script)

RULE-CHECKING IN VERILOG MODE
Loading spyglass (5.0.0) ... (picked from /tools/spyg-5.0/SPYGLASS_HOME/policies/spyglass)
Loading dft (5.0.0) ... (picked from /tools/spyg-5.0/SPYGLASS_HOME/policies/dft)
Use of uninitialized value in subroutine entry at /tools/spyg-5.0/SPYGLASS_HOME/policies/dft/dft-soc_rules-registration.pl line 375.
Loading openmore (5.0.0) ... (picked from /tools/spyg-5.0/SPYGLASS_HOME/policies/openmore)
Loading erc (5.0.0) ... (picked from /tools/spyg-5.0/SPYGLASS_HOME/policies/erc)
Loading morelint (5.0.0) ... (picked from /tools/spyg-5.0/SPYGLASS_HOME/policies/morelint)
Loading clock-reset (5.0.0) ... (picked from /tools/spyg-5.0/SPYGLASS_HOME/policies/clock)
Loading timing (5.0.0) ... (picked from /tools/spyg-5.0/SPYGLASS_HOME/policies/timing)
Loading miscellaneous (5.0.0) ... (picked from /tools/spyg-5.0/SPYGLASS_HOME/policies/miscellaneous)
Loading area (5.0.0) ... (picked from /tools/spyg-5.0/SPYGLASS_HOME/policies/area)
Loading starc (5.0.0) ... (picked from /tools/spyg-5.0/SPYGLASS_HOME/policies/starc)
Loading lint (5.0.0) ... (picked from /tools/spyg-5.0/SPYGLASS_HOME/policies/lint)

WARNING [186]    File /home/arkuma/probation/traffic_controller/spyglass/rules/neptune_asic_lint_settings.f, Line 20: spyOverload ignored as rule 'DEEPMUX' is not registered

WARNING    Unrecognized Argument  'noCheckOverflow'
 Reading sgdc file "../constraints/tlc.sgdc" ...
Checking Rule SGDC_quasi_static_style01(C-Rule: vn2QStaticStyleSetup) of SETUP Type (Rule 1 of total 487) .... done (Time = 0.00s, Memory = 0.2K)
Checking Rule Param_clockreset07(C-Rule: vnParam_clockreset07) of SETUP Type (Rule 2 of total 487) .... done (Time = 0.00s, Memory = 0.1K)
Checking Rule Clock_setup01(C-Rule: ClockResetSetupPreAnalysis) of SETUP Type (Rule 3 of total 487) .... done (Time = 0.00s, Memory = 1.3K)
Checking Rule Param_clockreset06(C-Rule: vnParam_clockreset06) of SETUP Type (Rule 4 of total 487) .... done (Time = 0.00s, Memory = 0.0K)
Checking Rule LP_POWERDATA_CHECK(C-Rule: lpCheckPowerData) of SETUP Type (Rule 5 of total 487) .... done (Time = 0.00s, Memory = 0.1K)
Checking Rule LP_POWERDATA_INFO(C-Rule: lpPowerDataInfo) of SETUP Type (Rule 6 of total 487) .... done (Time = 0.00s, Memory = 0.1K)
Checking Rule checkDupCell(C-Rule: veCheckDuplicateLibCells) of SETUP Type (Rule 7 of total 487) .... done (Time = 0.00s, Memory = 0.1K)
Checking Rule ZeroSizeFile(C-Rule: printZeroSize) of SETUP Type (Rule 8 of total 487) .... done (Time = 0.00s, Memory = 0.1K)
Checking Rule PrecompileLibCheck01(C-Rule: sgValidLibPresent) of SETUP Type (Rule 9 of total 487) .... done (Time = 0.00s, Memory = 0.0K)
Checking Rule PrecompileLibCheck02(C-Rule: sgValidLibPresent) of SETUP Type (Rule 10 of total 487) .... done (Time = 0.00s, Memory = 0.0K)
Checking Rule PrecompileLibCheck03(C-Rule: sgValidLibPresent) of SETUP Type (Rule 11 of total 487) .... done (Time = 0.00s, Memory = 0.0K)
Checking Rule PrecompileLibCheck04(C-Rule: sgValidLibPresent) of SETUP Type (Rule 12 of total 487) .... done (Time = 0.00s, Memory = 0.0K)
Checking Rule SGDC_assume_path01(C-Rule: sgAssumePathBitOrPartSelect) of SETUP Type (Rule 13 of total 487) .... done (Time = 0.00s, Memory = 0.0K)
Checking Rule SGDC_sdcschema02(C-Rule: sdcSchemaSanity) of SETUP Type (Rule 14 of total 487) .... done (Time = 0.00s, Memory = 0.8K)
Checking Rule SGDC_clock05(C-Rule: sgClockEdgeValueCheck) of SETUP Type (Rule 15 of total 487) .... done (Time = 0.00s, Memory = 0.0K)
Checking Rule SGDC_clock09(C-Rule: sgClockFfCountCheck) of SETUP Type (Rule 16 of total 487) .... done (Time = 0.00s, Memory = 0.0K)
Checking Rule SGDC_force_ta05(C-Rule: sgForceTaCheck) of SETUP Type (Rule 17 of total 487) .... done (Time = 0.00s, Memory = 0.0K)
Checking Rule SGDC_require_path03(C-Rule: sgCheckTagName) of SETUP Type (Rule 18 of total 487) .... done (Time = 0.00s, Memory = 2.5K)
Checking Rule SGDC_require_value03(C-Rule: sgCheckTagName) of SETUP Type (Rule 19 of total 487) .... done (Time = 0.00s, Memory = 2.5K)
Checking Rule SGDC_voltagedomain05(C-Rule: sgValueCheck) of SETUP Type (Rule 20 of total 487) .... done (Time = 0.00s, Memory = 4.6K)
Checking Rule SGDC_voltagedomain06(C-Rule: sgValueCheck) of SETUP Type (Rule 21 of total 487) .... done (Time = 0.00s, Memory = 4.6K)
Checking Rule SGDC_voltagedomain07(C-Rule: sgValueCheck) of SETUP Type (Rule 22 of total 487) .... done (Time = 0.00s, Memory = 4.6K)
Checking Rule SGDC_powerdomainoutputs02(C-Rule: sgValueCheck) of SETUP Type (Rule 23 of total 487) .... done (Time = 0.00s, Memory = 4.7K)
Checking Rule SGDC_supply01(C-Rule: sgValueCheck) of SETUP Type (Rule 24 of total 487) .... done (Time = 0.00s, Memory = 4.5K)
Checking Rule SGDC_waive01(C-Rule: sgWaive01) of SETUP Type (Rule 25 of total 487) .... done (Time = 0.00s, Memory = 0.0K)
Checking Rule SGDC_waive02(C-Rule: sgWaive02) of SETUP Type (Rule 26 of total 487) .... done (Time = 0.00s, Memory = 0.0K)
Checking Rule SGDC_waive03(C-Rule: sgWaive03) of SETUP Type (Rule 27 of total 487) .... done (Time = 0.00s, Memory = 0.0K)
Checking Rule SGDC_waive04(C-Rule: sgWaive04) of SETUP Type (Rule 28 of total 487) .... done (Time = 0.00s, Memory = 0.0K)
Checking Rule SGDC_waive05(C-Rule: sgWaive05) of SETUP Type (Rule 29 of total 487) .... done (Time = 0.00s, Memory = 0.0K)
Checking Rule SGDC_waive06(C-Rule: sgWaive06) of SETUP Type (Rule 30 of total 487) .... done (Time = 0.00s, Memory = 0.0K)
Checking Rule SGDC_waive07(C-Rule: sgWaive07) of SETUP Type (Rule 31 of total 487) .... done (Time = 0.00s, Memory = 0.0K)
Checking Rule SGDC_waive08(C-Rule: sgWaive08) of SETUP Type (Rule 32 of total 487) .... done (Time = 0.00s, Memory = 0.0K)
Checking Rule SGDC_waive09(C-Rule: sgWaive09) of SETUP Type (Rule 33 of total 487) .... done (Time = 0.00s, Memory = 0.0K)
Checking Rule SGDC_waive10(C-Rule: sgWaive10) of SETUP Type (Rule 34 of total 487) .... done (Time = 0.00s, Memory = 0.0K)
Checking Rule SGDC_waive11(C-Rule: sgWaive11) of SETUP Type (Rule 35 of total 487) .... done (Time = 0.00s, Memory = 0.0K)
Checking Rule SGDC_waive12(C-Rule: sgWaive12) of SETUP Type (Rule 36 of total 487) .... done (Time = 0.00s, Memory = 0.0K)
Checking Rule SGDC_waive13(C-Rule: sgWaive13) of SETUP Type (Rule 37 of total 487) .... done (Time = 0.00s, Memory = 0.0K)
Checking Rule SGDC_waive21(C-Rule: sgWaive21) of SETUP Type (Rule 38 of total 487) .... done (Time = 0.00s, Memory = 0.0K)
Checking Rule SGDC_waive22(C-Rule: sgWaive22) of SETUP Type (Rule 39 of total 487) .... done (Time = 0.00s, Memory = 0.0K)
Checking Rule SGDC_waive30(C-Rule: sgWaive30) of SETUP Type (Rule 40 of total 487) .... done (Time = 0.00s, Memory = 0.0K)
Checking Rule SGDC_waive32(C-Rule: sgWaive32) of SETUP Type (Rule 41 of total 487) .... done (Time = 0.00s, Memory = 0.0K)
Checking Rule SGDC_waive33(C-Rule: sgWaive33) of SETUP Type (Rule 42 of total 487) .... done (Time = 0.00s, Memory = 0.0K)
Checking Rule SGDC_waive36(C-Rule: detectNonExistentBlockWaiverFile) of SETUP Type (Rule 43 of total 487) .... done (Time = 0.00s, Memory = 0.0K)
Checking Rule SGDC_waive38(C-Rule: sgWaive38) of SETUP Type (Rule 44 of total 487) .... done (Time = 0.00s, Memory = 0.0K)
Checking Rule SGDC_fifo01(C-Rule: sgMultipleMandatoryCheck) of SETUP Type (Rule 45 of total 487) .... done (Time = 0.00s, Memory = 2.7K)
Checking Rule SGDC_libgroup01(C-Rule: SGDC_check_libgroup01) of SETUP Type (Rule 46 of total 487) .... done (Time = 0.00s, Memory = 0.0K)
Checking Rule SGDC_libgroup02(C-Rule: SGDC_check_libgroup02) of SETUP Type (Rule 47 of total 487) .... done (Time = 0.00s, Memory = 0.0K)
Checking Rule SGDC_libgroup04(C-Rule: sgMultipleMandatoryCheck) of SETUP Type (Rule 48 of total 487) .... done (Time = 0.00s, Memory = 2.6K)
Checking Rule SGDC_power_data01(C-Rule: sgValueCheck) of SETUP Type (Rule 49 of total 487) .... done (Time = 0.00s, Memory = 2.5K)
Checking Rule SGDC_ungroup01(C-Rule: sgMultipleMandatoryCheck) of SETUP Type (Rule 50 of total 487) .... done (Time = 0.00s, Memory = 2.8K)
Checking Rule SGDC_abstract_port06(C-Rule: sgValueCheck) of SETUP Type (Rule 51 of total 487) .... done (Time = 0.00s, Memory = 4.6K)
Checking Rule SGDC_abstract_port14(C-Rule: sgValueCheck) of SETUP Type (Rule 52 of total 487) .... done (Time = 0.00s, Memory = 4.5K)
Checking Rule SGDC_abstract_port15(C-Rule: sgValueCheck) of SETUP Type (Rule 53 of total 487) .... done (Time = 0.00s, Memory = 4.6K)
Checking Rule SGDC_abstract_port18(C-Rule: sgValueCheck) of SETUP Type (Rule 54 of total 487) .... done (Time = 0.00s, Memory = 4.5K)
Checking Rule sdc_init_rule(C-Rule: SdcInitRulesSetUpExec) of SETUP Type (Rule 55 of total 487) .... done (Time = 0.01s, Memory = 310.2K)
Checking Rule CMD_ignorelibs01(C-Rule: sgReportIgnoreLibs) of SETUP Type (Rule 56 of total 487) .... done (Time = 0.00s, Memory = 0.0K)
Checking Rule ReportRuleNotRun(C-Rule: reportRuleNotRunError) of SETUP Type (Rule 57 of total 487) .... done (Time = 0.00s, Memory = 0.2K)
Checking Rule dftSetup(C-Rule: dftPolicySetUp) of SETUP Type (Rule 58 of total 487) .... done (Time = 0.01s, Memory = 248.0K)
Checking Rule dftSGDCSTX_058(C-Rule: dftCheckTestModeTCLKConflictAtSetup) of SETUP Type (Rule 59 of total 487) .... done (Time = 0.00s, Memory = 0.1K)
Checking Rule dftCumulativeFaultStatusFileCheck(C-Rule: dftCumulativeFaultStatusFileCheck) of SETUP Type (Rule 60 of total 487) .... done (Time = 0.00s, Memory = 0.1K)
Checking Rule dftSGDCSTX_051(C-Rule: sgccSanityCheck) of SETUP Type (Rule 61 of total 487) .... done (Time = 0.00s, Memory = 0.2K)
Checking Rule dftSGDCSTX_053(C-Rule: sgccChecksOnMergedTags) of SETUP Type (Rule 62 of total 487) .... done (Time = 0.00s, Memory = 0.0K)
Checking Rule dftSGDCSTX_054(C-Rule: sgccAllTagInstOnSameLine) of SETUP Type (Rule 63 of total 487) .... done (Time = 0.00s, Memory = 0.0K)
Checking Rule dftSGDCSTX_055(C-Rule: sgccSanityCheck) of SETUP Type (Rule 64 of total 487) .... done (Time = 0.00s, Memory = 0.0K)
Checking Rule NoScripts(C-Rule: veNoScripts_Init) of SETUP Type (Rule 65 of total 487) .... done (Time = 0.00s, Memory = 0.1K)
Checking Rule NonStaticMacro-ML(C-Rule: veNonStaticMacro_Init) of SETUP Type (Rule 66 of total 487) .... done (Time = 0.00s, Memory = 0.1K)
Checking Rule SGDC_quasi_static_style02(C-Rule: sgMultipleMandatoryCheck) of SETUP Type (Rule 67 of total 487) .... done (Time = 0.00s, Memory = 2.8K)
Checking Rule SGDC_syncresetstyle01(C-Rule: SyncResetStyleSetup) of SETUP Type (Rule 68 of total 487) .... done (Time = 0.00s, Memory = 0.1K)
Checking Rule SGDC_network_allowed_cells01(C-Rule: sgValueCheck) of SETUP Type (Rule 69 of total 487) .... done (Time = 0.00s, Memory = 4.6K)
Checking Rule SGDC_numflops01(C-Rule: sgMultipleMandatoryCheck) of SETUP Type (Rule 70 of total 487) .... done (Time = 0.00s, Memory = 2.8K)
Checking Rule SGDC_numflops07(C-Rule: sgValueCheck) of SETUP Type (Rule 71 of total 487) .... done (Time = 0.00s, Memory = 4.5K)
Checking Rule SGDC_numflops08(C-Rule: sgValueCheck) of SETUP Type (Rule 72 of total 487) .... done (Time = 0.00s, Memory = 4.5K)
Checking Rule SGDC_numflops09(C-Rule: sgValueCheck) of SETUP Type (Rule 73 of total 487) .... done (Time = 0.00s, Memory = 4.5K)
Checking Rule SGDC_sync_cell08a(C-Rule: sgValueCheck) of SETUP Type (Rule 74 of total 487) .... done (Time = 0.00s, Memory = 4.5K)
Checking Rule SGDC_sync_cell09a(C-Rule: sgValueCheck) of SETUP Type (Rule 75 of total 487) .... done (Time = 0.00s, Memory = 4.5K)
Checking Rule SGDC_qualifier06(C-Rule: sgValueCheck) of SETUP Type (Rule 76 of total 487) .... done (Time = 0.00s, Memory = 4.6K)
Checking Rule SGDC_qualifier09(C-Rule: sgMultipleMandatoryCheck) of SETUP Type (Rule 77 of total 487) .... done (Time = 0.00s, Memory = 2.7K)
Checking Rule SGDC_allow_combo_logic01(C-Rule: sgMultipleMandatoryCheck) of SETUP Type (Rule 78 of total 487) .... done (Time = 0.00s, Memory = 2.7K)
Checking Rule SGDC_cdc_false_path05(C-Rule: sgMultipleMandatoryCheck) of SETUP Type (Rule 79 of total 487) .... done (Time = 0.00s, Memory = 2.6K)
Checking Rule Param_clockreset05(C-Rule: vnParam_clockreset05) of SETUP Type (Rule 80 of total 487) .... done (Time = 0.00s, Memory = 0.0K)
Checking Rule Ac_sanity01(C-Rule: FcmUtil_PropFileSanity) of SETUP Type (Rule 81 of total 487) .... done (Time = 0.00s, Memory = 0.0K)
Checking Rule Ac_sanity06(C-Rule: fmlParallelFileSanity_Ac) of SETUP Type (Rule 82 of total 487) .... done (Time = 0.00s, Memory = 0.1K)
Checking Rule SGDC_reset_synchronizer07(C-Rule: sgValueCheck) of SETUP Type (Rule 83 of total 487) .... done (Time = 0.00s, Memory = 4.5K)
Checking Rule STARC-2.3.1.2c(C-Rule: veBuiltInInit) of SETUP Type (Rule 84 of total 487) .... done (Time = 0.00s, Memory = 0.0K)
Checking Rule W143(C-Rule: veBuiltInInit) of SETUP Type (Rule 85 of total 487) .... done (Time = 0.00s, Memory = 0.0K)
Checking Rule W182k(C-Rule: veBuiltInInit) of SETUP Type (Rule 86 of total 487) .... done (Time = 0.00s, Memory = 0.0K)
Checking Rule W546(C-Rule: veBuiltInInit) of SETUP Type (Rule 87 of total 487) .... done (Time = 0.00s, Memory = 0.0K)
Checking Rule W561(C-Rule: veBuiltInInit) of SETUP Type (Rule 88 of total 487) .... done (Time = 0.00s, Memory = 0.0K)
Checking Rule W208(C-Rule: veBuiltInInit) of SETUP Type (Rule 89 of total 487) .... done (Time = 0.00s, Memory = 0.0K)
Checking Rule ReportStopSummary(C-Rule: sgPrintStopSummary) of SETUP Type (Rule 90 of total 487) .... done (Time = 0.00s, Memory = 1.9K)
Checking Rule ReportIgnoreSummary(C-Rule: sgPrintIgnoreSummary) of SETUP Type (Rule 91 of total 487) .... done (Time = 0.00s, Memory = 0.0K)
 Analyzing source file "/home/arkuma/probation/traffic_controller/tlc.v" ....
 Elaborating Top Verilog Design Unit 'tlc' ..... done
Checking Rule ElabSummary(C-Rule: sgPrintElabSummary) of SETUP Type (Rule 92 of total 487) .... done (Time = 0.00s, Memory = 0.7K)
Checking Rule ReportCheckDataSummary(C-Rule: sgReportCheckDataSummary) of SETUP Type (Rule 93 of total 487) .... done (Time = 0.00s, Memory = 0.1K)

WARNING [132]    Following Design units specified with stop option were not found
                 TCITSMCN40LPCGHPLLA1
                 TCITSMCN40LPDDRLDLLA1
                 TCITSMCN40LPMATCHA1
                 mr74046
                 TEF40LP*
                 sbmult510t40lp6g
                 top_por300
                 DWC_DDR3PHY_top
                 sfi_clock_gater_xtensa
                 ram_model_dual_port
                 REGF_*_wrapper
                 ROM_*_wrapper
                 SRAM_*_wrapper
                 SF_Xm_grpu_v2Xttop
                 SF_Xm_gimpXttop
                 ipcores_ecc_ECC1_BPC
                 sfi_spare_*
                 (Reason: Definition not provided or not part of analyzed hierarchy or overlaps with an earlier stop/ignore specification )

INFO [38]    Design option 'stop/stopfile/stopdir' specified.
             Please refer 'InfoAnalyzeBBox' or ReportStopSummary' rule message for more details.

 Reading waiver file "../reports//spyglass_spysch/constraint/spg_autogenerated_waivers.sgdc" ...
 Generating WAIVER file "../reports//spyglass_spysch/waiver/pragma2Waiver.swl" from pragmas in HDL source files ....
Checking Rule DetectTopDesignUnits(C-Rule: printTop) of RTLALLDULIST Type (Rule 94 of total 487) Detected 1 top level design units:
     tlc
 .... done (Time = 0.00s, Memory = 0.8K)
Checking Rule SGDC_testmode03(C-Rule: sgTestmodeCheck) of SETUP Type (Rule 95 of total 487) .... done (Time = 0.00s, Memory = 0.1K)
Checking Rule ReportObsoletePragmas(C-Rule: detectRtlSgdcPragmas) of RTLALLDULIST Type (Rule 96 of total 487) .... done (Time = 0.00s, Memory = 0.0K)
Checking Rule HdlLibDuCheck(C-Rule: hdlLibDuSwitchInfo) of RTLALLDULIST Type (Rule 97 of total 487) .... done (Time = 0.00s, Memory = 0.1K)
Checking Rule Ac_multitop01(C-Rule: fmlMultiTop_Ac) of RTLALLDULIST Type (Rule 98 of total 487) .... done (Time = 0.00s, Memory = 0.1K)
Checking Rule RtlDesignInfo(C-Rule: vvDesignInfo) of RTLALLDULIST Type (Rule 99 of total 487) .... done (Time = 0.00s, Memory = 0.1K)
Checking Rule NullPort-ML(C-Rule: veMLNullPort) of RTLDU Type (Rule 100 of total 487) .... done (Time = 0.00s, Memory = 0.0K)
Checking Rule Ac_sanity05(C-Rule: veCheckHierNetExist) of RTLDU Type (Rule 101 of total 487) .... done (Time = 0.00s, Memory = 0.1K)
Checking Rule STARC-3.2.4.3(C-Rule: veDefParam) of RTLDU Type (Rule 102 of total 487) .... done (Time = 0.00s, Memory = 0.1K)
Checking Rule W339a(C-Rule: veCaseOperator) of RTLDU Type (Rule 103 of total 487) .... done (Time = 0.00s, Memory = 0.0K)
Checking Rule W239(C-Rule: veScopeVariable) of RTLDU Type (Rule 104 of total 487) .... done (Time = 0.00s, Memory = 0.0K)
Checking Rule W402a(C-Rule: veSyncRstAsInput) of RTLDU Type (Rule 105 of total 487) .... done (Time = 0.00s, Memory = 0.1K)
Checking Rule Pragma_setupa(C-Rule: ClockRessetPragmaSetupa) of RTLDULIST Type (Rule 106 of total 487) .... done (Time = 0.00s, Memory = 0.0K)
Checking Rule Pragma_setupb(C-Rule: ClockRessetPragmaSetupb) of RTLDULIST Type (Rule 107 of total 487) .... done (Time = 0.00s, Memory = 0.1K)
Checking Rule CheckCelldefine(C-Rule: vvruleCheckingCelldefine) of RTLDULIST Type (Rule 108 of total 487) .... done (Time = 0.00s, Memory = 0.0K)
Checking Rule ConsCase(C-Rule: veConsCase) of RTLDULIST Type (Rule 109 of total 487) .... done (Time = 0.00s, Memory = 0.1K)
Checking Rule CaseOverIf(C-Rule: veCaseOverIf) of RTLDULIST Type (Rule 110 of total 487) .... done (Time = 0.00s, Memory = 0.5K)
Checking Rule DefaultState(C-Rule: veStateMachine) of RTLDULIST Type (Rule 111 of total 487) .... done (Time = 0.00s, Memory = 0.2K)
Checking Rule NamedAssoc(C-Rule: veInstConnect) of RTLDULIST Type (Rule 112 of total 487) .... done (Time = 0.00s, Memory = 0.1K)
Checking Rule NoGates(C-Rule: veAllowGates) of RTLDULIST Type (Rule 113 of total 487) .... done (Time = 0.00s, Memory = 0.1K)
Checking Rule Prereqs_RegOutputs(C-Rule: vhCheckBlockPragmaRegOut_PreReq) of RTLDULIST Type (Rule 114 of total 487) .... done (Time = 0.00s, Memory = 0.0K)
Checking Rule Prereqs_RegInputOutputs(C-Rule: vhCheckBlockPragmaRegInputOut_PreReq) of RTLDULIST Type (Rule 115 of total 487) .... done (Time = 0.00s, Memory = 0.0K)
Checking Rule NoSigCaseX-ML(C-Rule: veMLNoSigCaseX) of RTLDULIST Type (Rule 116 of total 487) .... done (Time = 0.00s, Memory = 0.0K)
Checking Rule NoStrengthInput-ML(C-Rule: veMLDisallowStrength) of RTLDULIST Type (Rule 117 of total 487) .... done (Time = 0.00s, Memory = 0.0K)
Checking Rule DisallowTimeArr-ML(C-Rule: veMLDisallowTimeArray) of RTLDULIST Type (Rule 118 of total 487) .... done (Time = 0.00s, Memory = 0.0K)
Checking Rule RedundantLogicalOp-ML(C-Rule: veMLRedLogicalOp) of RTLDULIST Type (Rule 119 of total 487) .... done (Time = 0.00s, Memory = 0.0K)
Checking Rule NoWidthInBasedNum-ML(C-Rule: veMLCheckBasedNumWidth) of RTLDULIST Type (Rule 120 of total 487) .... done (Time = 0.00s, Memory = 0.1K)
Checking Rule SGDC_numflops12(C-Rule: ClkRstSyncCellNNumFlopPeriodSetupOnRTL) of RTLDULIST Type (Rule 121 of total 487) .... done (Time = 0.00s, Memory = 0.4K)
Checking Rule SGDC_sync_cell11(C-Rule: ClkRstSyncCellNNumFlopPeriodSetupOnRTL) of RTLDULIST Type (Rule 122 of total 487) .... done (Time = 0.00s, Memory = 0.0K)
Checking Rule _deltaDelay(C-Rule: veClockResetDeltaDelay) of RTLDULIST Type (Rule 123 of total 487) .... done (Time = 0.00s, Memory = 0.1K)
Checking Rule DeepMux(C-Rule: veCaseOverIf) of RTLDULIST Type (Rule 124 of total 487) .... done (Time = 0.00s, Memory = 0.6K)
Checking Rule STARC-2.3.1.6(C-Rule: veSrpResetPolarity) of RTLDULIST Type (Rule 125 of total 487) .... done (Time = 0.00s, Memory = 1.8K)
Checking Rule STARC-2.3.3.1(C-Rule: veCheckTriggers) of RTLDULIST Type (Rule 126 of total 487) .... done (Time = 0.00s, Memory = 0.1K)
Checking Rule STARC-2.7.4.3(C-Rule: veDisallowStatements) of RTLDULIST Type (Rule 127 of total 487) .... done (Time = 0.00s, Memory = 0.1K)
Checking Rule STARC-2.8.1.5(C-Rule: veLintSynthesis) of RTLDULIST Type (Rule 128 of total 487) .... done (Time = 0.00s, Memory = 0.2K)
Checking Rule STARC-2.8.5.2(C-Rule: veLintSynthesis) of RTLDULIST Type (Rule 129 of total 487) .... done (Time = 0.00s, Memory = 0.2K)
Checking Rule STARC-2.9.1.2c(C-Rule: veSrpForLoop) of RTLDULIST Type (Rule 130 of total 487) .... done (Time = 0.00s, Memory = 0.0K)
Checking Rule STARC-3.2.2.4(C-Rule: veNamesLD) of RTLDULIST Type (Rule 131 of total 487) .... done (Time = 0.00s, Memory = 0.1K)
Checking Rule W34(C-Rule: veLintMacroUsed) of RTLDULIST Type (Rule 132 of total 487) .... done (Time = 0.00s, Memory = 0.1K)
Checking Rule W496a(C-Rule: veLintExpression) of RTLDULIST Type (Rule 133 of total 487) .... done (Time = 0.00s, Memory = 0.4K)
Checking Rule W496b(C-Rule: veLintCaseComp) of RTLDULIST Type (Rule 134 of total 487) .... done (Time = 0.00s, Memory = 0.2K)
Checking Rule W121(C-Rule: VeLintVar) of RTLDULIST Type (Rule 135 of total 487) .... done (Time = 0.00s, Memory = 0.1K)
Checking Rule W126(C-Rule: veDelay) of RTLDULIST Type (Rule 136 of total 487) .... done (Time = 0.00s, Memory = 0.2K)
Checking Rule W127(C-Rule: veDelay) of RTLDULIST Type (Rule 137 of total 487) .... done (Time = 0.00s, Memory = 0.2K)
Checking Rule W129(C-Rule: veDelay) of RTLDULIST Type (Rule 138 of total 487) .... done (Time = 0.00s, Memory = 0.2K)
Checking Rule W154(C-Rule: veNoImplicit) of RTLDULIST Type (Rule 139 of total 487) .... done (Time = 0.00s, Memory = 0.1K)
Checking Rule W188(C-Rule: veLintAssign) of RTLDULIST Type (Rule 140 of total 487) .... done (Time = 0.00s, Memory = 0.1K)
Checking Rule W192(C-Rule: veLintStatement) of RTLDULIST Type (Rule 141 of total 487) .... done (Time = 0.00s, Memory = 0.1K)
Checking Rule W193(C-Rule: veLintStatement) of RTLDULIST Type (Rule 142 of total 487) .... done (Time = 0.00s, Memory = 0.1K)
Checking Rule W213(C-Rule: veDisallowStatements) of RTLDULIST Type (Rule 143 of total 487) .... done (Time = 0.01s, Memory = 0.1K)
Checking Rule W215(C-Rule: veLintExpression) of RTLDULIST Type (Rule 144 of total 487) .... done (Time = 0.00s, Memory = 0.1K)
Checking Rule W216(C-Rule: veLintExpression) of RTLDULIST Type (Rule 145 of total 487) .... done (Time = 0.00s, Memory = 0.1K)
Checking Rule W243(C-Rule: veLintRecTaskEnable) of RTLDULIST Type (Rule 146 of total 487) .... done (Time = 0.00s, Memory = 0.1K)
Checking Rule W245(C-Rule: veLintExpression) of RTLDULIST Type (Rule 147 of total 487) .... done (Time = 0.00s, Memory = 0.1K)
Checking Rule W250(C-Rule: veDisallowStatements) of RTLDULIST Type (Rule 148 of total 487) .... done (Time = 0.00s, Memory = 0.1K)
Checking Rule W253(C-Rule: veLintTimingChecks) of RTLDULIST Type (Rule 149 of total 487) .... done (Time = 0.00s, Memory = 0.1K)
Checking Rule W254(C-Rule: veLintTimingChecks) of RTLDULIST Type (Rule 150 of total 487) .... done (Time = 0.00s, Memory = 0.1K)
Checking Rule W256(C-Rule: veLintTimingChecks) of RTLDULIST Type (Rule 151 of total 487) .... done (Time = 0.00s, Memory = 0.1K)
Checking Rule W289(C-Rule: veLintExpression) of RTLDULIST Type (Rule 152 of total 487) .... done (Time = 0.00s, Memory = 0.1K)
Checking Rule W308(C-Rule: veLintAssign) of RTLDULIST Type (Rule 153 of total 487) .... done (Time = 0.00s, Memory = 0.1K)
Checking Rule W310(C-Rule: veLintAssign) of RTLDULIST Type (Rule 154 of total 487) .... done (Time = 0.00s, Memory = 0.1K)
Checking Rule W311(C-Rule: veLintAssign) of RTLDULIST Type (Rule 155 of total 487) .... done (Time = 0.00s, Memory = 0.1K)
Checking Rule W312(C-Rule: veLintAssign) of RTLDULIST Type (Rule 156 of total 487) .... done (Time = 0.00s, Memory = 0.1K)
Checking Rule W313(C-Rule: veLintAssign) of RTLDULIST Type (Rule 157 of total 487) .... done (Time = 0.00s, Memory = 0.1K)
Checking Rule W317(C-Rule: veLintSupply) of RTLDULIST Type (Rule 158 of total 487) .... done (Time = 0.00s, Memory = 0.1K)
Checking Rule W333(C-Rule: veLintDesign) of RTLDULIST Type (Rule 159 of total 487) .... done (Time = 0.00s, Memory = 0.1K)
Checking Rule W352(C-Rule: veLintCondition) of RTLDULIST Type (Rule 160 of total 487) .... done (Time = 0.00s, Memory = 0.2K)
Checking Rule W426(C-Rule: veLintTask) of RTLDULIST Type (Rule 161 of total 487) .... done (Time = 0.00s, Memory = 0.1K)
Checking Rule W427(C-Rule: veLintTask) of RTLDULIST Type (Rule 162 of total 487) .... done (Time = 0.00s, Memory = 0.1K)
Checking Rule W430(C-Rule: veDisallowStatements) of RTLDULIST Type (Rule 163 of total 487) .... done (Time = 0.00s, Memory = 0.1K)
Checking Rule W433(C-Rule: veLintDesign) of RTLDULIST Type (Rule 164 of total 487) .... done (Time = 0.00s, Memory = 0.1K)
Checking Rule W474(C-Rule: veLintAssignStatements) of RTLDULIST Type (Rule 165 of total 487) .... done (Time = 0.01s, Memory = 0.1K)
Checking Rule W475(C-Rule: veLintAssignStatements) of RTLDULIST Type (Rule 166 of total 487) .... done (Time = 0.00s, Memory = 0.1K)
Checking Rule W476(C-Rule: veLintForceStatements) of RTLDULIST Type (Rule 167 of total 487) .... done (Time = 0.00s, Memory = 0.1K)
Checking Rule W477(C-Rule: veLintForceStatements) of RTLDULIST Type (Rule 168 of total 487) .... done (Time = 0.00s, Memory = 0.1K)
Checking Rule W479(C-Rule: veLintLoop) of RTLDULIST Type (Rule 169 of total 487) .... done (Time = 0.00s, Memory = 0.1K)
Checking Rule W480(C-Rule: veLintLoop) of RTLDULIST Type (Rule 170 of total 487) .... done (Time = 0.00s, Memory = 0.1K)
Checking Rule W503(C-Rule: veLintUnused) of RTLDULIST Type (Rule 171 of total 487) .... done (Time = 0.00s, Memory = 0.1K)
Checking Rule W189(C-Rule: veNestedSynopsys) of RTLDULIST Type (Rule 172 of total 487) .... done (Time = 0.00s, Memory = 0.1K)
Checking Rule W527(C-Rule: veLintCheckIfStmt) of RTLDULIST Type (Rule 173 of total 487) .... done (Time = 0.00s, Memory = 0.0K)
Checking Rule W575(C-Rule: veLintExpression) of RTLDULIST Type (Rule 174 of total 487) .... done (Time = 0.00s, Memory = 0.1K)
Checking Rule W576(C-Rule: veLintExpression) of RTLDULIST Type (Rule 175 of total 487) .... done (Time = 0.00s, Memory = 0.1K)
Checking Rule W701(C-Rule: veCheckIncludeUse) of RTLDULIST Type (Rule 176 of total 487) .... done (Time = 0.00s, Memory = 0.0K)
Checking Rule W128(C-Rule: veDelay) of RTLDULIST Type (Rule 177 of total 487) .... done (Time = 0.00s, Memory = 0.2K)
Checking Rule W167(C-Rule: veLintDecl) of RTLDULIST Type (Rule 178 of total 487) .... done (Time = 0.00s, Memory = 96.7K)
Checking Rule W175(C-Rule: veLintUnused) of RTLDULIST Type (Rule 179 of total 487) .... done (Time = 0.00s, Memory = 0.1K)
Checking Rule W190(C-Rule: veLintCheckFuncTaskUsage) of RTLDULIST Type (Rule 180 of total 487) .... done (Time = 0.00s, Memory = 0.0K)
Checking Rule W191(C-Rule: veLintCheckFuncTaskUsage) of RTLDULIST Type (Rule 181 of total 487) .... done (Time = 0.00s, Memory = 0.0K)
Checking Rule W210(C-Rule: veInstConnect) of RTLDULIST Type (Rule 182 of total 487) .... done (Time = 0.00s, Memory = 0.1K)
Checking Rule W257(C-Rule: veDisallowStatements) of RTLDULIST Type (Rule 183 of total 487) .... done (Time = 0.00s, Memory = 0.1K)
Checking Rule W287b(C-Rule: veInstConnect) of RTLDULIST Type (Rule 184 of total 487) .... done (Time = 0.00s, Memory = 0.1K)
Checking Rule W351(C-Rule: veLintComment) of RTLDULIST Type (Rule 185 of total 487) .... done (Time = 0.00s, Memory = 2.5K)
Checking Rule W421(C-Rule: veCheckTriggers) of RTLDULIST Type (Rule 186 of total 487) .... done (Time = 0.00s, Memory = 0.1K)
Checking Rule W490(C-Rule: veLintCondition) of RTLDULIST Type (Rule 187 of total 487) .... done (Time = 0.00s, Memory = 0.3K)
Checking ELABDU Rules for designUnit tlc
   Checking Rule SensListRepeat-ML(C-Rule: veMLSensListRepeat) of ELABDU type (Rule 188 of total 487) .... done (Time = 0.00s, Memory = 0.1K)
   Checking Rule DisallowCaseX-ML(C-Rule: veMLDisallowCaseXZ) of ELABDU type (Rule 189 of total 487) .... done (Time = 0.00s, Memory = 0.1K)
   Checking Rule DisallowCaseZ-ML(C-Rule: veMLDisallowCaseXZ) of ELABDU type (Rule 190 of total 487) .... done (Time = 0.00s, Memory = 0.1K)
   Checking Rule DisallowXInCaseZ-ML(C-Rule: veMLDisallowXInCaseZ) of ELABDU type (Rule 191 of total 487) .... done (Time = 0.00s, Memory = -0.0K)
   Checking Rule NoAssignX-ML(C-Rule: veAssignX) of ELABDU type (Rule 192 of total 487) .... done (Time = 0.00s, Memory = 1.7K)
   Checking Rule MemConflict-ML(C-Rule: veMLMemConflict) of ELABDU type (Rule 193 of total 487) .... done (Time = 0.00s, Memory = 0.0K)
   Checking Rule ParamWidthMismatch-ML(C-Rule: veMLParamWidthMismatch) of ELABDU type (Rule 194 of total 487) .... done (Time = 0.00s, Memory = 0.0K)
   Checking Rule ParamOverrideMismatch-ML(C-Rule: veMLParamOverrideMismatch) of ELABDU type (Rule 195 of total 487) .... done (Time = 0.00s, Memory = 0.0K)
   Checking Rule syncRstReq(C-Rule: veClkRstResetStates) of ELABDU type (Rule 196 of total 487) .... done (Time = 0.00s, Memory = 0.1K)
   Checking Rule AcOvlRtl(C-Rule: acVeOvl) of ELABDU type (Rule 197 of total 487) .... done (Time = 0.00s, Memory = 0.2K)
   Checking Rule STARC-2.1.3.1(C-Rule: veSrpFunction_main) of ELABDU type (Rule 198 of total 487) .... done (Time = 0.00s, Memory = 0.0K)
   Checking Rule STARC-2.1.3.2(C-Rule: veSrpFunction_main) of ELABDU type (Rule 199 of total 487) .... done (Time = 0.00s, Memory = 0.0K)
   Checking Rule STARC-2.1.5.3(C-Rule: veCondition) of ELABDU type (Rule 200 of total 487) .... done (Time = 0.00s, Memory = -0.0K)
   Checking Rule STARC-2.3.2.2(C-Rule: veLintAlways) of ELABDU type (Rule 201 of total 487) .... done (Time = 0.00s, Memory = 0.0K)
   Checking Rule STARC-2.10.4.5(C-Rule: veSrpNegVal) of ELABDU type (Rule 202 of total 487) .... done (Time = 0.00s, Memory = 0.0K)
   Checking Rule W110(C-Rule: veLintInstConnection_main) of ELABDU type (Rule 203 of total 487) .... done (Time = 0.00s, Memory = 0.0K)
   Checking Rule W122(C-Rule: veSensList) of ELABDU type (Rule 204 of total 487) .... done (Time = 0.00s, Memory = 0.1K)
   Checking Rule W163(C-Rule: veAssignC) of ELABDU type (Rule 205 of total 487) .... done (Time = 0.00s, Memory = 0.0K)
   Checking Rule W429(C-Rule: veLintAlways) of ELABDU type (Rule 206 of total 487) .... done (Time = 0.00s, Memory = 0.0K)
   Checking Rule W456a(C-Rule: veSensList) of ELABDU type (Rule 207 of total 487) .... done (Time = 0.00s, Memory = 0.2K)
   Checking Rule W552(C-Rule: veLintDriver) of ELABDU type (Rule 208 of total 487) .... done (Time = 0.00s, Memory = 0.0K)
   Checking Rule W553(C-Rule: veLintDriver) of ELABDU type (Rule 209 of total 487) .... done (Time = 0.00s, Memory = 0.0K)
   Checking Rule W66(C-Rule: veLintElabExpression) of ELABDU type (Rule 210 of total 487) .... done (Time = 0.00s, Memory = -0.1K)
   Checking Rule W69(C-Rule: veElabCase) of ELABDU type (Rule 211 of total 487) .... done (Time = 0.00s, Memory = 0.0K)
   Checking Rule W107(C-Rule: veElabInstConnect) of ELABDU type (Rule 212 of total 487) .... done (Time = 0.00s, Memory = 0.0K)
   Checking Rule W116(C-Rule: veLintElabExpression_main) of ELABDU type (Rule 213 of total 487) .... done (Time = 0.00s, Memory = 0.0K)
   Checking Rule W123(C-Rule: veCheckUsage) of ELABDU type (Rule 214 of total 487) .... done (Time = 0.00s, Memory = 20.8K)
   Checking Rule W156(C-Rule: veElabInstConnect) of ELABDU type (Rule 215 of total 487) .... done (Time = 0.00s, Memory = 0.0K)
   Checking Rule W159(C-Rule: veCondition) of ELABDU type (Rule 216 of total 487) .... done (Time = 0.00s, Memory = -0.0K)
   Checking Rule W171(C-Rule: veCase) of ELABDU type (Rule 217 of total 487) .... done (Time = 0.00s, Memory = 0.1K)
   Checking Rule W224(C-Rule: veCondition) of ELABDU type (Rule 218 of total 487) .... done (Time = 0.00s, Memory = -0.0K)
   Checking Rule W226(C-Rule: veCase) of ELABDU type (Rule 219 of total 487) .... done (Time = 0.00s, Memory = 0.0K)
   Checking Rule W263(C-Rule: veElabCase) of ELABDU type (Rule 220 of total 487) .... done (Time = 0.00s, Memory = 0.0K)
   Checking Rule W314(C-Rule: veLintElabAssign) of ELABDU type (Rule 221 of total 487) .... done (Time = 0.00s, Memory = -0.1K)
   Checking Rule W337(C-Rule: veCase) of ELABDU type (Rule 222 of total 487) .... done (Time = 0.00s, Memory = 0.0K)
   Checking Rule W362(C-Rule: veLintElabExpression_main) of ELABDU type (Rule 223 of total 487) .... done (Time = 0.01s, Memory = -0.0K)
   Checking Rule W415a(C-Rule: veLintMultiAssignInBlock) of ELABDU type (Rule 224 of total 487) .... done (Time = 0.00s, Memory = 0.2K)
   Checking Rule W423(C-Rule: veLintElabDecl) of ELABDU type (Rule 225 of total 487) .... done (Time = 0.00s, Memory = 0.0K)
   Checking Rule W468(C-Rule: veLintIndex) of ELABDU type (Rule 226 of total 487) .... done (Time = 0.00s, Memory = 0.0K)
   Checking Rule W486(C-Rule: veLintAssignOverflow_main) of ELABDU type (Rule 227 of total 487) .... done (Time = 0.00s, Memory = 0.0K)
   Checking Rule W489(C-Rule: veLintFunction) of ELABDU type (Rule 228 of total 487) .... done (Time = 0.00s, Memory = 0.0K)
   Checking Rule W491(C-Rule: veLintConstant) of ELABDU type (Rule 229 of total 487) .... done (Time = 0.00s, Memory = 0.0K)
   Checking Rule W497(C-Rule: veLintBus) of ELABDU type (Rule 230 of total 487) .... done (Time = 0.00s, Memory = 1.1K)
   Checking Rule W499(C-Rule: veLintFunction) of ELABDU type (Rule 231 of total 487) .... done (Time = 0.00s, Memory = 0.0K)
   Checking Rule W502(C-Rule: veSensList) of ELABDU type (Rule 232 of total 487) .... done (Time = 0.00s, Memory = 0.1K)
   Checking Rule W504(C-Rule: veLintIntInPortExpr) of ELABDU type (Rule 233 of total 487) .... done (Time = 0.00s, Memory = 0.0K)
   Checking Rule W551(C-Rule: veCase) of ELABDU type (Rule 234 of total 487) .... done (Time = 0.00s, Memory = 0.0K)
   Checking Rule W563(C-Rule: veLintElabExpression) of ELABDU type (Rule 235 of total 487) .... done (Time = 0.00s, Memory = -0.0K)
   Checking Rule W17(C-Rule: veSensList) of ELABDU type (Rule 236 of total 487) .... done (Time = 0.00s, Memory = 0.0K)
   Checking Rule W164a(C-Rule: veLintElabAssign_main) of ELABDU type (Rule 237 of total 487) .... done (Time = 0.00s, Memory = -0.1K)
   Checking Rule W164b(C-Rule: veLintElabAssign_main) of ELABDU type (Rule 238 of total 487) .... done (Time = 0.00s, Memory = -0.1K)
   Checking Rule W187(C-Rule: veCase) of ELABDU type (Rule 239 of total 487) .... done (Time = 0.00s, Memory = 0.0K)
   Checking Rule W240(C-Rule: veCheckUsage) of ELABDU type (Rule 240 of total 487) .... done (Time = 0.00s, Memory = 0.0K)
   Checking Rule W241(C-Rule: veCheckUsage) of ELABDU type (Rule 241 of total 487) .... done (Time = 0.00s, Memory = 0.0K)
   Checking Rule W287a(C-Rule: veElabInstConnect) of ELABDU type (Rule 242 of total 487) .... done (Time = 0.00s, Memory = 0.0K)
   Checking Rule W287c(C-Rule: veElabInstConnect) of ELABDU type (Rule 243 of total 487) .... done (Time = 0.00s, Memory = 0.0K)
   Checking Rule W398(C-Rule: veCase) of ELABDU type (Rule 244 of total 487) .... done (Time = 0.00s, Memory = 0.0K)
   Checking Rule W424(C-Rule: veLintFunction) of ELABDU type (Rule 245 of total 487) .... done (Time = 0.00s, Memory = 0.0K)
   Checking Rule W425(C-Rule: veLintFunction) of ELABDU type (Rule 246 of total 487) .... done (Time = 0.00s, Memory = 0.0K)
   Checking Rule W467(C-Rule: veLintConstant) of ELABDU type (Rule 247 of total 487) .... done (Time = 0.00s, Memory = 0.0K)
   Checking Rule W494(C-Rule: veCheckUsage) of ELABDU type (Rule 248 of total 487) .... done (Time = 0.00s, Memory = 0.0K)
   Checking Rule W495(C-Rule: veCheckUsage) of ELABDU type (Rule 249 of total 487) .... done (Time = 0.00s, Memory = 0.0K)
   Checking Rule W528(C-Rule: veCheckUsage) of ELABDU type (Rule 250 of total 487) .... done (Time = 0.00s, Memory = 0.0K)
   Checking Rule W120(C-Rule: veCheckUsage) of ELABDU type (Rule 251 of total 487) .... done (Time = 0.00s, Memory = 0.0K)
   Checking Rule Prereqs_Usage(C-Rule: veCheckUsageFree) of ELABDU type (Rule 252 of total 487) .... done (Time = 0.00s, Memory = -15.5K)
Checking ELABDU Rules for designUnit tlc
   Checking Rule Ac_setOvlDataInSynthesis(C-Rule: ElabGetClockVhdlandVerilogList) of ELABDU type (Rule 253 of total 487) .... done (Time = 0.00s, Memory = 0.0K)
Checking Rule SGDC_meta_design_hier01(C-Rule: ClockMetaDesignHierSetup) of RTLTOPDU Type (Rule 254 of total 487) .... done (Time = 0.00s, Memory = 0.1K)
Checking Rule dftRTLTOPDUSetUp(C-Rule: dft_RTLTOPDU_ViewSetUp) of RTLTOPDU Type (Rule 255 of total 487) .... done (Time = 0.00s, Memory = 0.0K)
Checking Rule dftMandatory_Constraint_Check(C-Rule: dftConstraintPresenceCheckRtl) of RTLTOPDU Type (Rule 256 of total 487) .... done (Time = 0.04s, Memory = 0.7K)
Checking Rule dftOptional_Constraint_Check(C-Rule: dftConstraintPresenceCheckRtl) of RTLTOPDU Type (Rule 257 of total 487) .... done (Time = 0.01s, Memory = 0.8K)
Checking Rule dftRTLTOPDUExit(C-Rule: dft_RTLTOPDU_ViewExit) of RTLTOPDU Type (Rule 258 of total 487) .... done (Time = 0.00s, Memory = 0.0K)
Checking Lexical Rules for file /home/arkuma/probation/traffic_controller/tlc.v
    Checking Rule ChkSensExprPar-ML(C-Rule: velexCheckSensList) of LEXICAL type (Rule 259 of total 487) .... done (Time = 0.00s, Memory = 0.0K)
 Synthesizing module: tlc (elaborated name: tlc) ... (Module 1 of total 1)  done 
     (Memory Used = -131149.3K(incr), 301690.7K(tot), Cpu Time = 0.07s(incr))
 Synthesis completed.
Checking Rule InferBlackBox(C-Rule: vsInferBBox) of VSDULIST Type (Rule 260 of total 487) .... done (Time = 0.01s, Memory = 0.0K)
     (Memory Used = 8.2K(incr), 236381.4K(tot), Cpu Time = 0.08s(incr))
Checking Rule SGDC_waive37(C-Rule: sgWaive37) of VSDULIST Type (Rule 261 of total 487) .... done (Time = 0.00s, Memory = 0.0K)
Checking Rule SGDC_waive24(C-Rule: sgWaive24) of SETUP Type (Rule 262 of total 487) .... done (Time = 0.00s, Memory = 0.0K)
Checking Rule SGDC_waive25(C-Rule: sgWaive25) of SETUP Type (Rule 263 of total 487) .... done (Time = 0.00s, Memory = 0.0K)
Checking Rule SGDC_waive31(C-Rule: sgWaive31) of SETUP Type (Rule 264 of total 487) .... done (Time = 0.00s, Memory = 0.0K)
Checking Rule SGDC_waive35(C-Rule: sgWaive35) of VSDULIST Type (Rule 265 of total 487) .... done (Time = 0.00s, Memory = 0.0K)
Checking Rule _meta_delay01(C-Rule: vsMetaStoreDelay) of VSDU Type (Rule 266 of total 487) .... done (Time = 0.00s, Memory = 0.0K)
Checking Rule LogNMuxPrereq(C-Rule: vsLogNMuxPrereq) of VSDU Type (Rule 267 of total 487) .... done (Time = 0.00s, Memory = 0.0K)
Checking Rule TristateSig-ML(C-Rule: vsMLCheckTristate) of VSDU Type (Rule 268 of total 487) .... done (Time = 0.00s, Memory = 0.0K)
Checking Rule ResetFlop-ML(C-Rule: vsMLResetFlop) of VSDU Type (Rule 269 of total 487) .... done (Time = 0.00s, Memory = 0.0K)
Checking Rule ReEntrantOutput-ML(C-Rule: vsMLEntrantOutput) of VSDU Type (Rule 270 of total 487) .... done (Time = 0.00s, Memory = 0.0K)
Checking Rule _syncResetStyleRTL(C-Rule: SyncResetStyleCaptureRTL) of VSDU Type (Rule 271 of total 487) .... done (Time = 0.00s, Memory = 0.0K)
Checking Rule W336(C-Rule: vsAlways) of VSDU Type (Rule 272 of total 487) .... done (Time = 0.00s, Memory = 0.0K)
Checking Rule W414(C-Rule: veLintNonBlockInComb) of VSDU Type (Rule 273 of total 487) .... done (Time = 0.00s, Memory = 0.0K)
Checking Rule W428(C-Rule: vsAlways) of VSDU Type (Rule 274 of total 487) .... done (Time = 0.00s, Memory = 0.0K)
Checking Rule W541(C-Rule: vsTriStateName) of VSDU Type (Rule 275 of total 487) .... done (Time = 0.00s, Memory = 0.0K)
Checking Rule W18(C-Rule: vsInferLatch) of VSDU Type (Rule 276 of total 487) .... done (Time = 0.00s, Memory = 0.0K)
Checking Rule SGDC_testmode03(C-Rule: sgTestmodeCheck) of SETUP Type (Rule 95 of total 487) .... done (Time = 0.00s, Memory = 0.1K)
Checking Rule checkSGDC_01(C-Rule: vsVerifyCurrDesign) of VSDULIST Type (Rule 277 of total 487) .... done (Time = 0.00s, Memory = 0.1K)
Checking Rule checkSGDC_03(C-Rule: sgVsTopDUWithNoConstraints) of VSDULIST Type (Rule 278 of total 487) .... done (Time = 0.00s, Memory = 0.1K)
Checking Rule SGDC_memorywritepin04(C-Rule: sgUniqueMandCheck) of VSDULIST Type (Rule 279 of total 487) .... done (Time = 0.00s, Memory = 2.5K)
Checking Rule SGDC_reset02(C-Rule: sgUniqueMandCheck) of VSDULIST Type (Rule 280 of total 487) .... done (Time = 0.00s, Memory = 2.8K)
Checking Rule SGDC_reset03(C-Rule: sgUniqueMandCheck) of VSDULIST Type (Rule 281 of total 487) .... done (Time = 0.00s, Memory = 2.8K)
Checking Rule SGDC_waive23(C-Rule: sgWaive23) of VSDULIST Type (Rule 282 of total 487) .... done (Time = 0.00s, Memory = 0.1K)
Checking Rule SGDC_waive26(C-Rule: sgWaive26) of VSDULIST Type (Rule 283 of total 487) .... done (Time = 0.00s, Memory = 0.0K)
Checking Rule SGDC_waive27(C-Rule: sgWaive27) of VSDULIST Type (Rule 284 of total 487) .... done (Time = 0.00s, Memory = 0.0K)
Checking Rule SGDC_waive29(C-Rule: sgWaive29) of VSDULIST Type (Rule 285 of total 487) .... done (Time = 0.00s, Memory = 0.0K)
Checking Rule SGDC_libgroup03(C-Rule: SGDC_check_libgroup03) of VSDULIST Type (Rule 286 of total 487) .... done (Time = 0.00s, Memory = 0.0K)
Checking Rule SGDC_ungroup02(C-Rule: SGDC_check_ungroup02) of VSDULIST Type (Rule 287 of total 487) .... done (Time = 0.00s, Memory = 0.0K)
Checking Rule _abstractPortSGDC(C-Rule: ClockResetSgdcAbstractPortPopulateOnNom) of VSDULIST Type (Rule 288 of total 487) .... done (Time = 0.00s, Memory = 0.2K)
Checking Rule SGDC_abstract_port03(C-Rule: ClockResetCheckSgdcAbstractPort_03) of VSDULIST Type (Rule 289 of total 487) .... done (Time = 0.00s, Memory = 0.2K)
Checking Rule SGDC_abstract_port04(C-Rule: ClockResetCheckSgdcAbstractPort_04) of VSDULIST Type (Rule 290 of total 487) .... done (Time = 0.00s, Memory = 0.2K)
Checking Rule SGDC_abstract_port05(C-Rule: ClockResetCheckSgdcAbstractPort_05) of VSDULIST Type (Rule 291 of total 487) .... done (Time = 0.00s, Memory = 0.2K)
Checking Rule SGDC_abstract_port07(C-Rule: ClockResetCheckSgdcAbstractPort_07) of VSDULIST Type (Rule 292 of total 487) .... done (Time = 0.00s, Memory = 0.2K)
Checking Rule SGDC_abstract_port08(C-Rule: ClockResetCheckSgdcAbstractPort_08) of VSDULIST Type (Rule 293 of total 487) .... done (Time = 0.00s, Memory = 0.2K)
Checking Rule SGDC_abstract_port10(C-Rule: ClockResetCheckSgdcAbstractPort_10) of VSDULIST Type (Rule 294 of total 487) .... done (Time = 0.00s, Memory = 0.2K)
Checking Rule SGDC_abstract_port11(C-Rule: ClockResetCheckSgdcAbstractPort_11) of VSDULIST Type (Rule 295 of total 487) .... done (Time = 0.00s, Memory = 0.2K)
Checking Rule SGDC_abstract_port12(C-Rule: ClockResetCheckSgdcAbstractPort_12) of VSDULIST Type (Rule 296 of total 487) .... done (Time = 0.00s, Memory = 0.2K)
Checking Rule SGDC_abstract_port13(C-Rule: ClockResetCheckSgdcAbstractPort_13) of VSDULIST Type (Rule 297 of total 487) .... done (Time = 0.00s, Memory = 0.2K)
Checking Rule _deltaDelayNom(C-Rule: vsClockResetDeltaDelayNom) of VSDULIST Type (Rule 298 of total 487) .... done (Time = 0.00s, Memory = 0.0K)
Checking Rule ReportUngroup(C-Rule: vsReportUngroup) of VSDULIST Type (Rule 299 of total 487) .... done (Time = 0.00s, Memory = 0.0K)
Checking Rule SGDC_allow_combo_logic02(C-Rule: vnSGDC_allow_combo_logic02) of VSTOPDU Type (Rule 300 of total 487) .... done (Time = 0.00s, Memory = 0.1K)
Checking Rule _portReten(C-Rule: readAllowComboLogicConstrPortReten) of VSTOPDU Type (Rule 301 of total 487) .... done (Time = 0.00s, Memory = 0.5K)
Checking Rule UPF_lowpower01(C-Rule: upfCheckSetDesignTopOnNom) of VSTOPDU Type (Rule 302 of total 487) .... done (Time = 0.00s, Memory = 0.2K)
Checking Rule SGDC_abstract_port21(C-Rule: reportParameterizedInstance) of VSTOPDU Type (Rule 303 of total 487) .... done (Time = 0.00s, Memory = 0.1K)
Checking Rule dftVSTOPDUSetUp(C-Rule: dft_VSTOPDU_ViewSetUp) of VSTOPDU Type (Rule 304 of total 487) .... done (Time = 0.00s, Memory = 0.3K)
Checking Rule dftVSTOPDUExit(C-Rule: dft_VSTOPDU_ViewExit) of VSTOPDU Type (Rule 305 of total 487) .... done (Time = 0.00s, Memory = 0.0K)
Checking Rule SGDC_input02(C-Rule: ClockResetCheckSgdcInputOnNom) of VSTOPDU Type (Rule 306 of total 487) .... done (Time = 0.00s, Memory = 0.0K)
Checking Rule SGDC_input03(C-Rule: ClockResetCheckSgdcInputOnNom) of VSTOPDU Type (Rule 307 of total 487) .... done (Time = 0.00s, Memory = 0.0K)
Checking Rule SGDC_numflops03a(C-Rule: ClockResetCheckSgdcInputOnNom) of VSTOPDU Type (Rule 308 of total 487) .... done (Time = 0.00s, Memory = 0.0K)
Checking Rule SGDC_numflops03b(C-Rule: ClockResetCheckSgdcInputOnNom) of VSTOPDU Type (Rule 309 of total 487) .... done (Time = 0.00s, Memory = 0.0K)
Checking Rule SGDC_sync_cell02b(C-Rule: ClockResetCheckSgdcInputOnNom) of VSTOPDU Type (Rule 310 of total 487) .... done (Time = 0.00s, Memory = 0.0K)
Checking Rule SGDC_qualifier02c(C-Rule: ClockResetCheckSgdcInputOnNom) of VSTOPDU Type (Rule 311 of total 487) .... done (Time = 0.00s, Memory = 0.0K)
Checking Rule UPF_lowpower02(C-Rule: upfCheckSetDomainSupplyOnNom) of VSTOPDU Type (Rule 312 of total 487) .... done (Time = 0.00s, Memory = 0.1K)
Checking Rule UPF_lowpower03(C-Rule: upfCheckIncludeScopeOnNom) of VSTOPDU Type (Rule 313 of total 487) .... done (Time = 0.00s, Memory = 0.3K)
Checking Rule UPF_lowpower04(C-Rule: upfCheckCreatePstOnNom) of VSTOPDU Type (Rule 314 of total 487) .... done (Time = 0.00s, Memory = 0.1K)
Checking Rule UPF_lowpower05(C-Rule: upfCheckIsolationSenseOnNom) of VSTOPDU Type (Rule 315 of total 487) .... done (Time = 0.00s, Memory = 0.1K)
Checking Rule UPF_lowpower08(C-Rule: upfCheckPowerStateTableOnNom) of VSTOPDU Type (Rule 316 of total 487) .... done (Time = 0.00s, Memory = 0.1K)
Checking Rule UPF_lowpower10(C-Rule: upfCheckIsolationControlSenseOnNom) of VSTOPDU Type (Rule 317 of total 487) .... done (Time = 0.00s, Memory = 0.1K)
Checking Rule UPF_lowpower14(C-Rule: upfCheckPstSuppliesOnNom) of VSTOPDU Type (Rule 318 of total 487) .... done (Time = 0.00s, Memory = 0.1K)
Checking Rule LPwrRulesSetup(C-Rule: vsPwrRulesSetup) of VSTOPDU Type (Rule 319 of total 487) .... done (Time = 0.00s, Memory = 0.1K)
Checking Rule checkUPF_existence(C-Rule: upfExistenceCheck) of VSTOPDU Type (Rule 320 of total 487) .... done (Time = 0.00s, Memory = 0.1K)
 Flattening tlc (.lib instances separately flattened) ....
     (Memory Used = 1756.2K(incr), 239209.8K(tot), Cpu Time = 0.01s(incr))
 Flattening completed
Flat netlist consumes: 1798648 bytes (605 instances, 2972 bytes/inst)
Checking Rule SignalTypeSetup(C-Rule: setup_signalTypeSetup) of FLATDU2_PRD_WL Type (Rule 321 of total 487) .... done (Time = 0.00s, Memory = 0.0K)
Checking Rule _allowInst(C-Rule: vnTagInstsForAllowLogic) of FLATDU2_PRD_WL Type (Rule 322 of total 487) .... done (Time = 0.00s, Memory = 0.0K)
Checking Rule _ipblock(C-Rule: vnTagInstsForIpBlock) of FLATDU2_PRD_WL Type (Rule 323 of total 487) .... done (Time = 0.00s, Memory = 0.0K)
Checking Rule _rstSyncCellInst(C-Rule: vnTagInstsForRstSync) of FLATDU2_PRD_WL Type (Rule 324 of total 487) .... done (Time = 0.00s, Memory = 0.2K)
Checking Rule _syncCellDelayedQualifier(C-Rule: vnTagInstsForSyncCell) of FLATDU2_PRD_WL Type (Rule 325 of total 487) .... done (Time = 0.00s, Memory = 0.0K)
Checking Rule Clock_setup02(C-Rule: ClockResetSetupPostFlattening) of FLATDU2_PRD_WL Type (Rule 326 of total 487) .... done (Time = 0.00s, Memory = 16.0K)
Checking Rule _abstract_port(C-Rule: vnClockResetAbstractPort) of FLATDU2_PRD_WL Type (Rule 327 of total 487) .... done (Time = 0.00s, Memory = 0.1K)
Checking Rule Clock_prop(C-Rule: CommonClockPropagation) of FLATDU2_PRD_WL Type (Rule 328 of total 487) .... done (Time = 0.00s, Memory = 548.3K)
Checking Rule Propagate_Clocks(C-Rule: vnMarkCrossing2) of FLATDU2_PRD_WL Type (Rule 329 of total 487) .... done (Time = 0.01s, Memory = 749.6K)
Checking Rule FalsePathSetup(C-Rule: vnFalsePathSetupCheck) of FLATDU2_PRD_WL Type (Rule 330 of total 487) .... done (Time = 0.00s, Memory = 0.0K)
Checking Rule _syncc(C-Rule: vnSyncWithCellClock) of FLATDU2_PRD_WL Type (Rule 331 of total 487) .... done (Time = 0.00s, Memory = 0.2K)
Checking Rule _syncb(C-Rule: vnSyncb) of FLATDU2_PRD_WL Type (Rule 332 of total 487) .... done (Time = 0.00s, Memory = 0.0K)
Checking Rule _fifo01(C-Rule: vnFifo) of FLATDU2_PRD_WL Type (Rule 333 of total 487) .... done (Time = 0.00s, Memory = 0.1K)
Checking Rule _syncfifo(C-Rule: vnSyncFifo) of FLATDU2_PRD_WL Type (Rule 334 of total 487) .... done (Time = 0.00s, Memory = 0.0K)
Checking Rule _syncUDfifo(C-Rule: vnSyncUDFifo) of FLATDU2_PRD_WL Type (Rule 335 of total 487) .... done (Time = 0.00s, Memory = 0.0K)
Checking Rule _syncdw(C-Rule: vnSyncDW) of FLATDU2_PRD_WL Type (Rule 336 of total 487) .... done (Time = 0.00s, Memory = 0.0K)
Checking Rule _syncd(C-Rule: vnSyncd) of FLATDU2_PRD_WL Type (Rule 337 of total 487) .... done (Time = 0.00s, Memory = 0.0K)
Checking Rule _syncg(C-Rule: vnSyncLock) of FLATDU2_PRD_WL Type (Rule 338 of total 487) .... done (Time = 0.00s, Memory = 4.1K)
Checking Rule _sync_clock(C-Rule: vnGateClockSync) of FLATDU2_PRD_WL Type (Rule 339 of total 487) .... done (Time = 0.00s, Memory = 0.0K)
Checking Rule _sync_gp(C-Rule: vnGPCellSync) of FLATDU2_PRD_WL Type (Rule 340 of total 487) .... done (Time = 0.00s, Memory = 0.0K)
Checking Rule _sync_and(C-Rule: vnANDSync) of FLATDU2_PRD_WL Type (Rule 341 of total 487) .... done (Time = 0.00s, Memory = 0.0K)
Checking Rule _synci(C-Rule: vnSynciCheck) of FLATDU2_PRD_WL Type (Rule 342 of total 487) .... done (Time = 0.00s, Memory = 0.0K)
Checking Rule _sync_qualifier(C-Rule: vnSyncq) of FLATDU2_PRD_WL Type (Rule 343 of total 487) .... done (Time = 0.00s, Memory = 0.0K)
Checking Rule SGDC_fifo11(C-Rule: vnFifoWCSanity) of FLATDU2_PRD_WL Type (Rule 344 of total 487) .... done (Time = 0.00s, Memory = 0.0K)
Checking Rule SGDC_fifo12(C-Rule: vnFifoMemSanity) of FLATDU2_PRD_WL Type (Rule 345 of total 487) .... done (Time = 0.00s, Memory = 0.0K)
Checking Rule SGDC_fifo13(C-Rule: vnFifoPtrWidthSanity) of FLATDU2_PRD_WL Type (Rule 346 of total 487) .... done (Time = 0.00s, Memory = 0.0K)
Checking Rule SGDC_fifo14(C-Rule: vnFifoInvalid) of FLATDU2_PRD_WL Type (Rule 347 of total 487) .... done (Time = 0.00s, Memory = 0.0K)
Checking Rule Ac_Sync_Init(C-Rule: vnPopulateAcSync) of FLATDU2_PRD_WL Type (Rule 348 of total 487) .... done (Time = 0.00s, Memory = 0.1K)
Checking Rule _debugData(C-Rule: vnMarkClockDomainData) of FLATDU2_PRD_WL Type (Rule 349 of total 487) .... done (Time = 0.00s, Memory = 0.0K)
Checking Rule SGDC_set_case_analysis_LC(C-Rule: SGDC_sca_LC_ExecFunc) of SETUP Type (Rule 350 of total 487) .... done (Time = 0.00s, Memory = 0.0K)
Checking Rule dftSGDCSTX_059(C-Rule: dftCheckTestModeTCLKConflictAtFlatLevel) of FLATDU2_PRD_WL Type (Rule 351 of total 487) .... done (Time = 0.00s, Memory = 0.1K)
Checking Rule dftSGDCSTX_060(C-Rule: dftReportInvalidMemoryType) of FLATDU2_PRD_WL Type (Rule 352 of total 487) .... done (Time = 0.00s, Memory = 0.0K)
Checking Rule dftSGDCSTX_061(C-Rule: dftCheckSanityOnClockGating) of FLATDU2_PRD_WL Type (Rule 353 of total 487) .... done (Time = 0.00s, Memory = 0.0K)
Checking Rule dftFLATDU_RFSetUp(C-Rule: dft_FLATDU_RF_ViewSetUp) of FLATDU2_PRD_WL Type (Rule 354 of total 487) .... done (Time = 0.01s, Memory = 28.2K)
Checking Rule dftSGDCSTX_057(C-Rule: sgccCheckNodeWidth) of FLATDU2_PRD_WL Type (Rule 355 of total 487) .... done (Time = 0.00s, Memory = 0.0K)
Checking Rule dftSGDCSTX_064(C-Rule: dftSanitizeMacroData) of FLATDU2_PRD_WL Type (Rule 356 of total 487) .... done (Time = 0.00s, Memory = 0.2K)
Checking Rule Diagnose_ScanChain(C-Rule: dftIdentifyScanChain) of FLATDU2_PRD_WL Type (Rule 357 of total 487) .... done (Time = 0.00s, Memory = 0.2K)
Checking Rule Info_DftDebugData(C-Rule: dftPopulateBAData2) of FLATDU2_PRD_WL Type (Rule 358 of total 487) .... done (Time = 0.03s, Memory = 1175.6K)
Checking Rule Async_04(C-Rule: dftAsyncBothSRActive) of FLATDU2_PRD_WL Type (Rule 359 of total 487) .... done (Time = 0.00s, Memory = 0.1K)
Checking Rule dftFLATDU_RFExit(C-Rule: dft_FLATDU_RF_ViewExit) of FLATDU2_PRD_WL Type (Rule 360 of total 487) .... done (Time = 0.06s, Memory = -27.8K)
Checking Rule SGDC_numflops03c(C-Rule: vnSGDC_numflops03) of FLATDU2_PRD_WL Type (Rule 361 of total 487) .... done (Time = 0.00s, Memory = 0.0K)
Checking Rule SGDC_numflops04(C-Rule: vnSGDC_numflops04) of FLATDU2_PRD_WL Type (Rule 362 of total 487) .... done (Time = 0.00s, Memory = 0.0K)
Checking Rule SGDC_numflops05(C-Rule: vnSGDC_numflops05) of FLATDU2_PRD_WL Type (Rule 363 of total 487) .... done (Time = 0.00s, Memory = 0.0K)
Checking Rule SGDC_numflops06(C-Rule: vnSGDC_numflops06) of FLATDU2_PRD_WL Type (Rule 364 of total 487) .... done (Time = 0.00s, Memory = 0.0K)
Checking Rule SGDC_numflops11(C-Rule: vnSGDC_numflops11) of FLATDU2_PRD_WL Type (Rule 365 of total 487) .... done (Time = 0.00s, Memory = 0.0K)
Checking Rule SGDC_numflops13(C-Rule: vnSGDC_numflops13) of FLATDU2_PRD_WL Type (Rule 366 of total 487) .... done (Time = 0.00s, Memory = 0.0K)
Checking Rule SGDC_numflops14(C-Rule: vnSGDC_numflops14) of FLATDU2_PRD_WL Type (Rule 367 of total 487) .... done (Time = 0.00s, Memory = 0.0K)
Checking Rule SGDC_gray_signals01(C-Rule: vnParseGraySignal01) of FLATDU2_PRD_WL Type (Rule 368 of total 487) .... done (Time = 0.00s, Memory = 0.0K)
Checking Rule SGDC_gray_signals02(C-Rule: vnParseGraySignal02) of FLATDU2_PRD_WL Type (Rule 369 of total 487) .... done (Time = 0.00s, Memory = 0.0K)
Checking Rule SGDC_gray_signals03(C-Rule: vnParseGraySignal03) of FLATDU2_PRD_WL Type (Rule 370 of total 487) .... done (Time = 0.00s, Memory = 0.0K)
Checking Rule SGDC_qualifier02a(C-Rule: vnSGDC_qualifier02a) of FLATDU2_PRD_WL Type (Rule 371 of total 487) .... done (Time = 0.00s, Memory = 0.0K)
Checking Rule SGDC_qualifier03a(C-Rule: vnSGDC_qualifier03a) of FLATDU2_PRD_WL Type (Rule 372 of total 487) .... done (Time = 0.00s, Memory = 0.0K)
Checking Rule SGDC_qualifier04(C-Rule: vnSGDC_qualifier04) of FLATDU2_PRD_WL Type (Rule 373 of total 487) .... done (Time = 0.00s, Memory = 0.0K)
Checking Rule SGDC_qualifier05(C-Rule: vnSGDC_qualifier05) of FLATDU2_PRD_WL Type (Rule 374 of total 487) .... done (Time = 0.00s, Memory = 0.0K)
Checking Rule SGDC_qualifier08(C-Rule: vnSGDC_qualifier08) of FLATDU2_PRD_WL Type (Rule 375 of total 487) .... done (Time = 0.00s, Memory = 0.0K)
Checking Rule QualifierSetup(C-Rule: setup_qualifier) of FLATDU2_PRD_WL Type (Rule 376 of total 487) .... done (Time = 0.00s, Memory = 0.0K)
Checking Rule SGDC_qualifier10(C-Rule: vnSGDC_qualifier10) of FLATDU2_PRD_WL Type (Rule 377 of total 487) .... done (Time = 0.00s, Memory = 0.0K)
Checking Rule SGDC_qualifier11(C-Rule: vnSGDC_qualifier11) of FLATDU2_PRD_WL Type (Rule 378 of total 487) .... done (Time = 0.00s, Memory = 0.0K)
Checking Rule SGDC_qualifier12(C-Rule: vnSGDC_qualifier12) of FLATDU2_PRD_WL Type (Rule 379 of total 487) .... done (Time = 0.00s, Memory = 0.0K)
Checking Rule SGDC_qualifier13(C-Rule: vnSGDC_qualifier13) of FLATDU2_PRD_WL Type (Rule 380 of total 487) .... done (Time = 0.00s, Memory = 0.0K)
Checking Rule SGDC_virtualclock01(C-Rule: vnSGDC_abstract_port_invalid) of FLATDU2_PRD_WL Type (Rule 381 of total 487) .... done (Time = 0.00s, Memory = 0.0K)
Checking Rule SGDC_define_reset_order03(C-Rule: vnSGDC_DRO_03) of FLATDU2_PRD_WL Type (Rule 382 of total 487) .... done (Time = 0.00s, Memory = 0.0K)
Checking Rule SGDC_define_reset_order04(C-Rule: vnSGDC_DRO_04) of FLATDU2_PRD_WL Type (Rule 383 of total 487) .... done (Time = 0.00s, Memory = 0.0K)
Checking Rule SGDC_define_reset_order05(C-Rule: vnSGDC_DRO_05) of FLATDU2_PRD_WL Type (Rule 384 of total 487) .... done (Time = 0.00s, Memory = 0.0K)
Checking Rule Clock_info01(C-Rule: vnClockID) of FLATDU2_PRD_WL Type (Rule 385 of total 487) .... done (Time = 0.01s, Memory = 2.6K)
Checking Rule SGDC_cdc_false_path04(C-Rule: vnFalsePathSanityCheck) of FLATDU2_PRD_WL Type (Rule 386 of total 487) .... done (Time = 0.00s, Memory = 0.0K)
Checking Rule CDCSet_License01(C-Rule: vnCDCSetupLicense) of FLATDU2_PRD_WL Type (Rule 387 of total 487) .... done (Time = 0.00s, Memory = 0.0K)
Checking Rule Clock_sync01(C-Rule: vnReportCrossing) of FLATDU2_PRD_WL Type (Rule 388 of total 487) .... done (Time = 0.00s, Memory = 0.1K)
Checking Rule Clock_sync02(C-Rule: vnReportCrossing) of FLATDU2_PRD_WL Type (Rule 389 of total 487) .... done (Time = 0.00s, Memory = 0.1K)
Checking Rule Reset_info01(C-Rule: vnResetID) of FLATDU2_PRD_WL Type (Rule 390 of total 487) .... done (Time = 0.02s, Memory = 0.7K)
Checking Rule Propagate_Resets(C-Rule: vnPropResets) of FLATDU2_PRD_WL Type (Rule 391 of total 487) .... done (Time = 0.00s, Memory = 17.7K)
Checking Rule _reset_sync(C-Rule: vnResetSyncConstr) of FLATDU2_PRD_WL Type (Rule 392 of total 487) .... done (Time = 0.00s, Memory = 0.0K)
Checking Rule _constrCoverage(C-Rule: vnConstrCoverage) of FLATDU2_PRD_WL Type (Rule 393 of total 487) .... done (Time = 0.00s, Memory = 12.1K)
Checking Rule Clock_sync05(C-Rule: vnInputMultiSample) of FLATDU2_PRD_WL Type (Rule 394 of total 487) .... done (Time = 0.00s, Memory = 0.0K)
Checking Rule Clock_sync06(C-Rule: vnOutputMultiTransition) of FLATDU2_PRD_WL Type (Rule 395 of total 487) .... done (Time = 0.01s, Memory = 0.0K)
Checking Rule Clock_sync09(C-Rule: vnSignalMultiSync) of FLATDU2_PRD_WL Type (Rule 396 of total 487) .... done (Time = 0.00s, Memory = 0.1K)
Checking Rule _clkWrapModules(C-Rule: vnTagClkWrapperModules) of FLATDU2_PRD_WL Type (Rule 397 of total 487) .... done (Time = 0.00s, Memory = 0.0K)
Checking Rule _clock_hier_rules(C-Rule: detectWrapperModuleInClk) of FLATDU2_PRD_WL Type (Rule 398 of total 487) .... done (Time = 0.00s, Memory = 0.0K)
Checking Rule Ar_sync_init(C-Rule: vnReportAdvRstCrossing) of FLATDU2_PRD_WL Type (Rule 399 of total 487) .... done (Time = 0.00s, Memory = 13.2K)
Checking Rule Reset_sync01(C-Rule: vnRstIsSynchDeassert) of FLATDU2_PRD_WL Type (Rule 400 of total 487) .... done (Time = 0.00s, Memory = 0.1K)
Checking Rule Reset_sync02(C-Rule: vnResetInDomain) of FLATDU2_PRD_WL Type (Rule 401 of total 487) .... done (Time = 0.00s, Memory = 2.2K)
Checking Rule Sgdc_clockreset02(C-Rule: vnSgdc_clockreset02) of FLATDU2_PRD_WL Type (Rule 402 of total 487) .... done (Time = 0.00s, Memory = 0.0K)
Checking Rule Param_clockreset02(C-Rule: vnParam_clockreset02) of FLATDU2_PRD_WL Type (Rule 403 of total 487) .... done (Time = 0.00s, Memory = 0.0K)
Checking Rule Param_clockreset04(C-Rule: vnParam_clockreset04) of FLATDU2_PRD_WL Type (Rule 404 of total 487) .... done (Time = 0.00s, Memory = 0.0K)
Checking Rule Setup_clockreset01(C-Rule: vnSetup_clockreset01) of FLATDU2_PRD_WL Type (Rule 405 of total 487) .... done (Time = 0.00s, Memory = 0.0K)
Checking Rule Clock_check07(C-Rule: vnClock_check07) of FLATDU2_PRD_WL Type (Rule 406 of total 487) .... done (Time = 0.00s, Memory = 0.0K)
Checking Rule Reset_check08(C-Rule: vnReset_check08) of FLATDU2_PRD_WL Type (Rule 407 of total 487) .... done (Time = 0.00s, Memory = 0.0K)
Checking Rule SGDC_noclockcell_start01(C-Rule: vnNoClockCellStartSanityCheck) of FLATDU2_PRD_WL Type (Rule 408 of total 487) .... done (Time = 0.00s, Memory = 0.0K)
Checking Rule Ac_initseq01(C-Rule: fmlInitSeqSanity_Ac) of FLATDU2_PRD_WL Type (Rule 409 of total 487) .... done (Time = 0.00s, Memory = 0.0K)
Checking Rule Ac_init01(C-Rule: vnAdvanceClocks) of FLATDU2_PRD_WL Type (Rule 410 of total 487)
 .... done (Time = 0.01s, Memory = 15.6K)
Checking Rule Ac_sanity02(C-Rule: fmlMultipleDrivers_Ac) of FLATDU2_PRD_WL Type (Rule 411 of total 487) .... done (Time = 0.00s, Memory = 0.0K)
Checking Rule _glitch_init(C-Rule: vnPopulateAcGlitchJitter) of FLATDU2_PRD_WL Type (Rule 412 of total 487) .... done (Time = 0.00s, Memory = 0.0K)
Checking Rule Ac_initstate01(C-Rule: fmlCheckResetState_Ac) of FLATDU2_PRD_WL Type (Rule 413 of total 487) .... done (Time = 0.01s, Memory = 1.4K)
Checking Rule Ac_conv02(C-Rule: RuleClock_conv02Exec) of FLATDU2_PRD_WL Type (Rule 414 of total 487)
Verifying rule Ac_conv02: 0 checks
 .... done (Time = 0.00s, Memory = 1.3K)
Checking Rule Ac_conv01(C-Rule: RuleClock_conv01Exec) of FLATDU2_PRD_WL Type (Rule 415 of total 487) .... done (Time = 0.00s, Memory = 1.0K)
Checking Rule Ac_abs01(C-Rule: advClkRstAbsReport) of FLATDU2_PRD_WL Type (Rule 416 of total 487) .... done (Time = 0.00s, Memory = 0.0K)
Checking Rule Ac_report01(C-Rule: fmlNGAReportGeneration_Ac) of FLATDU2_PRD_WL Type (Rule 417 of total 487) .... done (Time = 0.01s, Memory = -10.4K)
Checking Rule AllowComboLogicSetup(C-Rule: AllowComboLogicSetup) of FLATDU2_PRD_WL Type (Rule 418 of total 487) .... done (Time = 0.00s, Memory = 0.0K)
Checking Rule Ac_upfsetup02(C-Rule: vnUPFLowPower12) of FLATDU2_PRD_WL Type (Rule 419 of total 487) .... done (Time = 0.00s, Memory = 0.2K)
Checking Rule Ac_upfsetup01(C-Rule: vnPrdCaptureIsoEn) of FLATDU2_PRD_WL Type (Rule 420 of total 487) .... done (Time = 0.00s, Memory = 0.0K)
Checking Rule Ac_psync_init(C-Rule: vnPopulateIsoEnCrossing) of FLATDU2_PRD_WL Type (Rule 421 of total 487) .... done (Time = 0.00s, Memory = 0.0K)
Checking Rule Ac_psetup01(C-Rule: vnReportIsoEnCrossing) of FLATDU2_PRD_WL Type (Rule 422 of total 487) .... done (Time = 0.00s, Memory = 0.0K)
Checking Rule Ac_license01(C-Rule: checkLicenseSetup) of FLATDU2_PRD_WL Type (Rule 423 of total 487) .... done (Time = 0.00s, Memory = 0.0K)
Checking Rule Clock_exit01(C-Rule: vnClockExitForBPHandles) of FLATDU2_PRD_WL Type (Rule 424 of total 487) .... done (Time = 0.00s, Memory = 0.0K)
Checking Rule SGDC_reset_synchronizer02(C-Rule: vnSGDC_reset_synchronizer02) of FLATDU2_PRD_WL Type (Rule 425 of total 487) .... done (Time = 0.00s, Memory = 0.0K)
Checking Rule SGDC_reset_synchronizer04(C-Rule: vnSGDC_reset_synchronizer04) of FLATDU2_PRD_WL Type (Rule 426 of total 487) .... done (Time = 0.00s, Memory = 0.0K)
Checking Rule SGDC_reset_synchronizer06(C-Rule: vnSGDC_reset_synchronizer06) of FLATDU2_PRD_WL Type (Rule 427 of total 487) .... done (Time = 0.00s, Memory = 0.0K)
Checking Rule SGDC_reset_synchronizer08(C-Rule: vnSGDC_reset_synchronizer08) of FLATDU2_PRD_WL Type (Rule 428 of total 487) .... done (Time = 0.00s, Memory = 0.0K)
Checking Rule SGDC_reset_synchronizer09(C-Rule: vnSGDC_reset_synchronizer09) of FLATDU2_PRD_WL Type (Rule 429 of total 487) .... done (Time = 0.00s, Memory = 0.0K)
Checking Rule SGDC_reset_synchronizer10(C-Rule: vnSGDC_reset_synchronizer10) of FLATDU2_PRD_WL Type (Rule 430 of total 487) .... done (Time = 0.00s, Memory = 0.0K)
Checking Rule ClockPhase(C-Rule: vnBothEdges) of FLATDU2_WL Type (Rule 431 of total 487) .... done (Time = 0.00s, Memory = 3.2K)
Checking Rule GatedClock(C-Rule: vnCheckGatedClock) of FLATDU2_WL Type (Rule 432 of total 487) .... done (Time = 0.00s, Memory = 0.0K)
Checking Rule GateClockAtTop(C-Rule: vnCheckGatedClockAtTop) of FLATDU2_WL Type (Rule 433 of total 487) .... done (Time = 0.00s, Memory = 0.2K)
Checking Rule CombLoop(C-Rule: vnCombLoop) of FLATDU2_WL Type (Rule 434 of total 487) .... done (Time = 0.00s, Memory = 1.8K)
Checking Rule FlopClockUndriven(C-Rule: ercConnect) of FLATDU2_WL Type (Rule 435 of total 487) .... done (Time = 0.00s, Memory = 5.0K)
Checking Rule FlopClockConstant(C-Rule: ercConnect) of FLATDU2_WL Type (Rule 436 of total 487) .... done (Time = 0.00s, Memory = 0.1K)
Checking Rule FlopDataUndriven(C-Rule: ercConnect) of FLATDU2_WL Type (Rule 437 of total 487) .... done (Time = 0.00s, Memory = 0.0K)
Checking Rule FlopSRConst(C-Rule: ercDisabled) of FLATDU2_WL Type (Rule 438 of total 487) .... done (Time = 0.00s, Memory = 0.0K)
Checking Rule FlopEConst(C-Rule: ercDisabled) of FLATDU2_WL Type (Rule 439 of total 487) .... done (Time = 0.00s, Memory = 0.1K)
Checking Rule LatchDataConstant(C-Rule: ercConnect) of FLATDU2_WL Type (Rule 440 of total 487) .... done (Time = 0.01s, Memory = 0.0K)
Checking Rule checkPinConnectedToSupply(C-Rule: checkPinConnectedToSupply) of FLATDU2_WL Type (Rule 441 of total 487) .... done (Time = 0.00s, Memory = 0.1K)
Checking Rule LogNMux(C-Rule: vnLogNMux) of FLATDU2_WL Type (Rule 442 of total 487) .... done (Time = 0.00s, Memory = 2.0K)
Checking Rule MaxFanout(C-Rule: vnNetProp) of FLATDU2_WL Type (Rule 443 of total 487) .... done (Time = 0.00s, Memory = 0.0K)
Checking Rule ClockEnableRace(C-Rule: clockEnableRace) of FLATDU2_WL Type (Rule 444 of total 487) .... done (Time = 0.00s, Memory = 0.0K)
Checking Rule DeadCode(C-Rule: vnMrDeadCode) of FLATDU2_WL Type (Rule 445 of total 487) .... done (Time = 0.00s, Memory = 6.8K)
Checking Rule ConstSig(C-Rule: vnConstSig) of FLATDU2_WL Type (Rule 446 of total 487) .... done (Time = 0.00s, Memory = 0.0K)
Checking Rule STARC-2.5.1.5a(C-Rule: vnMultipleDrivers) of FLATDU2_WL Type (Rule 447 of total 487) .... done (Time = 0.00s, Memory = 0.0K)
Checking Rule STARC-2.5.1.2(C-Rule: vnSrpTriStateEnableLogic) of FLATDU2_WL Type (Rule 448 of total 487) .... done (Time = 0.00s, Memory = 0.0K)
Checking Rule STARC-1.3.1.3(C-Rule: vnSrpResetOtherUse) of FLATDU2_WL Type (Rule 449 of total 487) .... done (Time = 0.00s, Memory = 0.1K)
Checking Rule STARC-1.4.3.4(C-Rule: vnSrpClockSignalToClockPin) of FLATDU2_WL Type (Rule 450 of total 487) .... done (Time = 0.00s, Memory = 0.0K)
Checking Rule W323(C-Rule: vnMultipleDriversPort) of FLATDU2_WL Type (Rule 451 of total 487) .... done (Time = 0.00s, Memory = 0.0K)
Checking Rule W402b(C-Rule: vnAsyncRstAsInput) of FLATDU2_WL Type (Rule 452 of total 487) .... done (Time = 0.00s, Memory = 0.4K)
Checking Rule W392(C-Rule: vnOneResetModule) of FLATDU2_WL Type (Rule 453 of total 487) .... done (Time = 0.00s, Memory = 1.4K)
Checking Rule W415(C-Rule: vnMultipleDrivers) of FLATDU2_WL Type (Rule 454 of total 487) .... done (Time = 0.00s, Memory = 0.0K)
Checking Rule W391(C-Rule: vnOneClockPhaseModule) of FLATDU2_WL Type (Rule 455 of total 487) .... done (Time = 0.01s, Memory = 0.5K)
Checking Rule ShiftReg(C-Rule: vnShiftReg) of ALLVIEWS Type (Rule 456 of total 487)
 .... done (Time = 0.00s, Memory = 0.6K)
Checking Rule ResourceShare(C-Rule: vnResourceShare) of ALLVIEWS Type (Rule 457 of total 487)
 .... done (Time = 0.00s, Memory = 0.1K)
Checking Rule AnalyzeBBox(C-Rule: analyzeBBox) of SETUP Type (Rule 458 of total 487) .... done (Time = 0.00s, Memory = 0.2K)
Checking Rule ReportCheckDataSummary(C-Rule: sgReportCheckDataSummary) of SETUP Type (Rule 93 of total 487) .... done (Time = 0.00s, Memory = 0.1K)

Generating data for Console...

SpyGlass Rule Checking Complete.

        ********** LICENSE EXPIRY NOTIFICATION **********
        Some or all of the license features at following license server(s)
        are about to expire.

        License Server: 1702@camlic3 (HostID: 001d0966bb2a)
            Example: Feature "oemunlock 3.0" expires in next 5 days.

        You can use command "lmstat -a -c <License Server>" to get
        details about the given license.

        Please contact Atrenta Support or your CAD administrator
        to renew your licenses.
        ********** END OF LICENSE EXPIRY NOTIFICATION **********


Generating moresimple report from '../reports//spyglass.vdb' to '../reports//spyglass_reports/moresimple.rpt' ....

Generating summary report from '../reports//spyglass.vdb' to '../reports//spyglass_reports/summary.rpt' ....

Generating waiver report from '../reports//spyglass.vdb' to '../reports//spyglass_reports/waiver.rpt' ....

Generating no_msg_reporting_rules report from '../reports//spyglass.vdb' to '../reports//spyglass_reports/no_msg_reporting_rules.rpt' ....

Generating adv_cdc report from '../reports//spyglass.vdb' to '../reports//spyglass_reports/adv_cdc.rpt' ....

Generating CDC-report report from '../reports//spyglass.vdb' to '../reports//spyglass_reports/CDC-report.rpt' ....

Generating CKSGDCInfo report from '../reports//spyglass.vdb' to '../reports//spyglass_reports/CKSGDCInfo.rpt' ....

Policy specific data (reports) are present in the directory '../reports//spyglass_reports'.

SpyGlass critical reports for the current run are present in directory '../reports//consolidated_reports/tlc/'.

---------------------------------------------------------------------------------------------
Results Summary:
---------------------------------------------------------------------------------------------
   Command-line read  :      0 error,      2 warnings,     1 information message 
   Design Read        :      0 error,      0 warning,      3 information messages
      Found 1 top module:
         tlc   (file: /home/arkuma/probation/traffic_controller/tlc.v)

   Blackbox Resolution:      0 error,      0 warning,      0 information message 
   SGDC Checks        :      0 error,      0 warning,      0 information message 
   Policy openmore    :      0 error,      0 warning,      1 information message 
** Policy timing      :      1 error,      0 warning,      0 information message 
   Policy dft         :      0 error,      0 warning,      2 information messages
   Policy clock-reset :      0 error,      0 warning,      4 information messages
   -------------------------------------------------------------------------------------
   Total              :      1 error,      2 warnings,    11 information messages

  Total Number of Generated Messages     :        14 (1 error, 2 warnings, 11 Infos)
  Number of Reported Messages            :        14 (1 error, 2 warnings, 11 Infos)

  NOTE: It is recommended to first fix/reconcile fatals/errors reported on
        lines starting with ** as subsequent issues might be related to it.
        Please re-run SpyGlass once ** prefixed lines are fatal/error clean.

---------------------------------------------------------------------------------------------


SpyGlass Exit Code 0 (Rule-checking completed with errors)
