
################################################################################
#
# This file has been generated by SpyGlass:
#     Report Name      : no_msg_reporting_rules
#     Report Created by: arkuma
#     Report Created on:  Wed Sep 25 13:49:07 2013
#     Working Directory: /home/arkuma/probation/traffic_controller/spyglass/bin
#     Report Location  : ../reports//spyglass_reports/no_msg_reporting_rules.rpt
#     SpyGlass Version : 5.0.0
#     Policy Name      : SpyGlass(5.0.0)
#                        area(5.0.0)
#                        clock-reset(5.0.0)
#                        dft(5.0.0)
#                        erc(5.0.0)
#                        lint(5.0.0)
#                        miscellaneous(5.0.0)
#                        morelint(5.0.0)
#                        openmore(5.0.0)
#                        starc(5.0.0)
#                        timing(5.0.0)
#
#     Total Number of Generated Messages :         14
#     Number of Waived Messages          :          0
#     Number of Reported Messages        :         14
#     Number of Overlimit Messages       :          0
#
#
################################################################################

NO VIOLATION RULE REPORT :
++++++++++++++++++++++++++++++++++++++++++++++++++++++++++++++++++++++++++++++++

Following rules did not produce any violation or waived off during spyglass run

++++++++++++++++++++++++++++++++++++++++++++++++++++++++++++++++++++++++++++++++


================================================================================
	INDEX                                   RULE-NAME
================================================================================
	1                                  Ac_conv01
	2                                  Ac_conv02
	3                                  Async_04
	4                                  ChkSensExprPar-ML
	5                                  ClockEnableRace
	6                                  ClockPhase
	7                                  Clock_sync01
	8                                  Clock_sync02
	9                                  Clock_sync05
	10                                 Clock_sync06
	11                                 Clock_sync09
	12                                 CombLoop
	13                                 ConsCase
	14                                 ConstSig
	15                                 DeadCode
	16                                 DefaultState
	17                                 DisallowCaseX-ML
	18                                 DisallowCaseZ-ML
	19                                 DisallowTimeArr-ML
	20                                 DisallowXInCaseZ-ML
	21                                 FlopClockConstant
	22                                 FlopClockUndriven
	23                                 FlopDataUndriven
	24                                 FlopEConst
	25                                 FlopSRConst
	26                                 GateClockAtTop
	27                                 GatedClock
	28                                 LatchDataConstant
	29                                 LogNMux
	30                                 MaxFanout
	31                                 MemConflict-ML
	32                                 NamedAssoc
	33                                 NoAssignX-ML
	34                                 NoGates
	35                                 NoScripts
	36                                 NoSigCaseX-ML
	37                                 NoStrengthInput-ML
	38                                 NoWidthInBasedNum-ML
	39                                 NonStaticMacro-ML
	40                                 NullPort-ML
	41                                 ParamOverrideMismatch-ML
	42                                 ParamWidthMismatch-ML
	43                                 ReEntrantOutput-ML
	44                                 RedundantLogicalOp-ML
	45                                 ResetFlop-ML
	46                                 Reset_sync01
	47                                 Reset_sync02
	48                                 ResourceShare
	49                                 STARC-1.3.1.3
	50                                 STARC-1.4.3.4
	51                                 STARC-2.1.3.1
	52                                 STARC-2.1.3.2
	53                                 STARC-2.1.5.3
	54                                 STARC-2.10.4.5
	55                                 STARC-2.3.1.2c
	56                                 STARC-2.3.1.6
	57                                 STARC-2.3.2.2
	58                                 STARC-2.3.3.1
	59                                 STARC-2.5.1.2
	60                                 STARC-2.5.1.5a
	61                                 STARC-2.7.4.3
	62                                 STARC-2.8.1.5
	63                                 STARC-2.8.5.2
	64                                 STARC-2.9.1.2c
	65                                 STARC-3.2.2.4
	66                                 STARC-3.2.4.3
	67                                 SYNTH_5130
	68                                 SensListRepeat-ML
	69                                 ShiftReg
	70                                 TristateSig-ML
	71                                 W107
	72                                 W110
	73                                 W116
	74                                 W120
	75                                 W121
	76                                 W122
	77                                 W123
	78                                 W126
	79                                 W127
	80                                 W128
	81                                 W129
	82                                 W143
	83                                 W154
	84                                 W156
	85                                 W159
	86                                 W163
	87                                 W164a
	88                                 W164b
	89                                 W167
	90                                 W17
	91                                 W171
	92                                 W175
	93                                 W18
	94                                 W182k
	95                                 W187
	96                                 W188
	97                                 W189
	98                                 W190
	99                                 W191
	100                                W192
	101                                W193
	102                                W208
	103                                W210
	104                                W213
	105                                W215
	106                                W216
	107                                W224
	108                                W226
	109                                W239
	110                                W240
	111                                W241
	112                                W243
	113                                W245
	114                                W250
	115                                W253
	116                                W254
	117                                W256
	118                                W257
	119                                W263
	120                                W287a
	121                                W287b
	122                                W287c
	123                                W289
	124                                W308
	125                                W310
	126                                W311
	127                                W312
	128                                W313
	129                                W314
	130                                W317
	131                                W323
	132                                W333
	133                                W336
	134                                W337
	135                                W339a
	136                                W34
	137                                W351
	138                                W352
	139                                W362
	140                                W391
	141                                W392
	142                                W398
	143                                W402a
	144                                W402b
	145                                W414
	146                                W415
	147                                W415a
	148                                W421
	149                                W423
	150                                W424
	151                                W425
	152                                W426
	153                                W427
	154                                W428
	155                                W429
	156                                W430
	157                                W433
	158                                W456a
	159                                W467
	160                                W468
	161                                W474
	162                                W475
	163                                W476
	164                                W477
	165                                W479
	166                                W480
	167                                W486
	168                                W489
	169                                W490
	170                                W491
	171                                W494
	172                                W495
	173                                W496a
	174                                W496b
	175                                W497
	176                                W499
	177                                W502
	178                                W503
	179                                W504
	180                                W527
	181                                W528
	182                                W541
	183                                W546
	184                                W551
	185                                W552
	186                                W553
	187                                W561
	188                                W563
	189                                W575
	190                                W576
	191                                W66
	192                                W69
	193                                W701
	194                                ZeroSizeFile
	195                                checkDupCell
	196                                checkPinConnectedToSupply
================================================================================
